<?xml version="1.0" encoding="UTF-8"?>
<testsuite xmlns:xsi="http://www.w3.org/2001/XMLSchema-instance" xsi:noNamespaceSchemaLocation="https://maven.apache.org/surefire/maven-surefire-plugin/xsd/surefire-test-report.xsd" name="examples.testSuite.uiTests.uiTestRunner" time="79.499" tests="5" errors="0" skipped="0" failures="5">
  <properties>
    <property name="java.specification.version" value="17"/>
    <property name="sun.cpu.isalist" value="amd64"/>
    <property name="sun.jnu.encoding" value="Cp1252"/>
    <property name="java.class.path" value="D:\ATAGRT2022\Repo\gtr22-karate-demo\demo\target\test-classes;D:\ATAGRT2022\Repo\gtr22-karate-demo\demo\target\classes;C:\Users\lenovo\.m2\repository\com\intuit\karate\karate-junit5\1.3.0\karate-junit5-1.3.0.jar;C:\Users\lenovo\.m2\repository\com\intuit\karate\karate-core\1.3.0\karate-core-1.3.0.jar;C:\Users\lenovo\.m2\repository\org\graalvm\js\js-scriptengine\22.0.0.2\js-scriptengine-22.0.0.2.jar;C:\Users\lenovo\.m2\repository\org\graalvm\sdk\graal-sdk\22.0.0.2\graal-sdk-22.0.0.2.jar;C:\Users\lenovo\.m2\repository\org\graalvm\js\js\22.0.0.2\js-22.0.0.2.jar;C:\Users\lenovo\.m2\repository\org\graalvm\regex\regex\22.0.0.2\regex-22.0.0.2.jar;C:\Users\lenovo\.m2\repository\org\graalvm\truffle\truffle-api\22.0.0.2\truffle-api-22.0.0.2.jar;C:\Users\lenovo\.m2\repository\org\thymeleaf\thymeleaf\3.0.14.RELEASE\thymeleaf-3.0.14.RELEASE.jar;C:\Users\lenovo\.m2\repository\ognl\ognl\3.1.26\ognl-3.1.26.jar;C:\Users\lenovo\.m2\repository\org\javassist\javassist\3.20.0-GA\javassist-3.20.0-GA.jar;C:\Users\lenovo\.m2\repository\org\attoparser\attoparser\2.0.5.RELEASE\attoparser-2.0.5.RELEASE.jar;C:\Users\lenovo\.m2\repository\org\unbescape\unbescape\1.1.6.RELEASE\unbescape-1.1.6.RELEASE.jar;C:\Users\lenovo\.m2\repository\org\slf4j\slf4j-api\1.7.25\slf4j-api-1.7.25.jar;C:\Users\lenovo\.m2\repository\com\linecorp\armeria\armeria\1.18.0\armeria-1.18.0.jar;C:\Users\lenovo\.m2\repository\com\fasterxml\jackson\core\jackson-core\2.13.3\jackson-core-2.13.3.jar;C:\Users\lenovo\.m2\repository\com\fasterxml\jackson\core\jackson-annotations\2.13.3\jackson-annotations-2.13.3.jar;C:\Users\lenovo\.m2\repository\com\fasterxml\jackson\core\jackson-databind\2.13.3\jackson-databind-2.13.3.jar;C:\Users\lenovo\.m2\repository\io\micrometer\micrometer-core\1.9.2\micrometer-core-1.9.2.jar;C:\Users\lenovo\.m2\repository\org\hdrhistogram\HdrHistogram\2.1.12\HdrHistogram-2.1.12.jar;C:\Users\lenovo\.m2\repository\org\latencyutils\LatencyUtils\2.0.3\LatencyUtils-2.0.3.jar;C:\Users\lenovo\.m2\repository\io\netty\netty-transport\4.1.79.Final\netty-transport-4.1.79.Final.jar;C:\Users\lenovo\.m2\repository\io\netty\netty-common\4.1.79.Final\netty-common-4.1.79.Final.jar;C:\Users\lenovo\.m2\repository\io\netty\netty-buffer\4.1.79.Final\netty-buffer-4.1.79.Final.jar;C:\Users\lenovo\.m2\repository\io\netty\netty-resolver\4.1.79.Final\netty-resolver-4.1.79.Final.jar;C:\Users\lenovo\.m2\repository\io\netty\netty-codec-haproxy\4.1.79.Final\netty-codec-haproxy-4.1.79.Final.jar;C:\Users\lenovo\.m2\repository\io\netty\netty-codec\4.1.79.Final\netty-codec-4.1.79.Final.jar;C:\Users\lenovo\.m2\repository\io\netty\netty-codec-http2\4.1.79.Final\netty-codec-http2-4.1.79.Final.jar;C:\Users\lenovo\.m2\repository\io\netty\netty-handler\4.1.79.Final\netty-handler-4.1.79.Final.jar;C:\Users\lenovo\.m2\repository\io\netty\netty-codec-http\4.1.79.Final\netty-codec-http-4.1.79.Final.jar;C:\Users\lenovo\.m2\repository\io\netty\netty-resolver-dns\4.1.79.Final\netty-resolver-dns-4.1.79.Final.jar;C:\Users\lenovo\.m2\repository\io\netty\netty-codec-dns\4.1.79.Final\netty-codec-dns-4.1.79.Final.jar;C:\Users\lenovo\.m2\repository\org\reactivestreams\reactive-streams\1.0.4\reactive-streams-1.0.4.jar;C:\Users\lenovo\.m2\repository\com\google\code\findbugs\jsr305\3.0.2\jsr305-3.0.2.jar;C:\Users\lenovo\.m2\repository\io\netty\netty-transport-native-unix-common\4.1.79.Final\netty-transport-native-unix-common-4.1.79.Final-linux-x86_64.jar;C:\Users\lenovo\.m2\repository\io\netty\netty-transport-native-epoll\4.1.79.Final\netty-transport-native-epoll-4.1.79.Final-linux-x86_64.jar;C:\Users\lenovo\.m2\repository\io\netty\netty-transport-native-unix-common\4.1.79.Final\netty-transport-native-unix-common-4.1.79.Final.jar;C:\Users\lenovo\.m2\repository\io\netty\netty-transport-classes-epoll\4.1.79.Final\netty-transport-classes-epoll-4.1.79.Final.jar;C:\Users\lenovo\.m2\repository\io\netty\netty-resolver-dns-native-macos\4.1.79.Final\netty-resolver-dns-native-macos-4.1.79.Final-osx-x86_64.jar;C:\Users\lenovo\.m2\repository\io\netty\netty-resolver-dns-classes-macos\4.1.79.Final\netty-resolver-dns-classes-macos-4.1.79.Final.jar;C:\Users\lenovo\.m2\repository\io\netty\netty-resolver-dns-native-macos\4.1.79.Final\netty-resolver-dns-native-macos-4.1.79.Final-osx-aarch_64.jar;C:\Users\lenovo\.m2\repository\io\netty\netty-tcnative-boringssl-static\2.0.53.Final\netty-tcnative-boringssl-static-2.0.53.Final-linux-x86_64.jar;C:\Users\lenovo\.m2\repository\io\netty\netty-tcnative-classes\2.0.53.Final\netty-tcnative-classes-2.0.53.Final.jar;C:\Users\lenovo\.m2\repository\io\netty\netty-tcnative-boringssl-static\2.0.53.Final\netty-tcnative-boringssl-static-2.0.53.Final-linux-aarch_64.jar;C:\Users\lenovo\.m2\repository\io\netty\netty-tcnative-boringssl-static\2.0.53.Final\netty-tcnative-boringssl-static-2.0.53.Final-osx-x86_64.jar;C:\Users\lenovo\.m2\repository\io\netty\netty-tcnative-boringssl-static\2.0.53.Final\netty-tcnative-boringssl-static-2.0.53.Final-osx-aarch_64.jar;C:\Users\lenovo\.m2\repository\io\netty\netty-tcnative-boringssl-static\2.0.53.Final\netty-tcnative-boringssl-static-2.0.53.Final-windows-x86_64.jar;C:\Users\lenovo\.m2\repository\io\netty\netty-handler-proxy\4.1.79.Final\netty-handler-proxy-4.1.79.Final.jar;C:\Users\lenovo\.m2\repository\io\netty\netty-codec-socks\4.1.79.Final\netty-codec-socks-4.1.79.Final.jar;C:\Users\lenovo\.m2\repository\com\aayushatharva\brotli4j\brotli4j\1.7.1\brotli4j-1.7.1.jar;C:\Users\lenovo\.m2\repository\com\aayushatharva\brotli4j\native-windows-x86_64\1.7.1\native-windows-x86_64-1.7.1.jar;C:\Users\lenovo\.m2\repository\org\apache\httpcomponents\httpclient\4.5.13\httpclient-4.5.13.jar;C:\Users\lenovo\.m2\repository\org\apache\httpcomponents\httpcore\4.4.13\httpcore-4.4.13.jar;C:\Users\lenovo\.m2\repository\commons-codec\commons-codec\1.11\commons-codec-1.11.jar;C:\Users\lenovo\.m2\repository\ch\qos\logback\logback-classic\1.2.9\logback-classic-1.2.9.jar;C:\Users\lenovo\.m2\repository\ch\qos\logback\logback-core\1.2.9\logback-core-1.2.9.jar;C:\Users\lenovo\.m2\repository\org\slf4j\jcl-over-slf4j\1.7.32\jcl-over-slf4j-1.7.32.jar;C:\Users\lenovo\.m2\repository\org\antlr\antlr4-runtime\4.9.3\antlr4-runtime-4.9.3.jar;C:\Users\lenovo\.m2\repository\com\jayway\jsonpath\json-path\2.7.0\json-path-2.7.0.jar;C:\Users\lenovo\.m2\repository\net\minidev\json-smart\2.4.7\json-smart-2.4.7.jar;C:\Users\lenovo\.m2\repository\net\minidev\accessors-smart\2.4.7\accessors-smart-2.4.7.jar;C:\Users\lenovo\.m2\repository\org\ow2\asm\asm\9.1\asm-9.1.jar;C:\Users\lenovo\.m2\repository\info\cukes\cucumber-java\1.2.5\cucumber-java-1.2.5.jar;C:\Users\lenovo\.m2\repository\info\cukes\cucumber-core\1.2.5\cucumber-core-1.2.5.jar;C:\Users\lenovo\.m2\repository\org\yaml\snakeyaml\1.32\snakeyaml-1.32.jar;C:\Users\lenovo\.m2\repository\de\siegmar\fastcsv\2.0.0\fastcsv-2.0.0.jar;C:\Users\lenovo\.m2\repository\info\picocli\picocli\4.6.1\picocli-4.6.1.jar;C:\Users\lenovo\.m2\repository\io\github\classgraph\classgraph\4.8.149\classgraph-4.8.149.jar;C:\Users\lenovo\.m2\repository\io\github\t12y\resemble\1.0.2\resemble-1.0.2.jar;C:\Users\lenovo\.m2\repository\io\github\t12y\ssim\1.0.0\ssim-1.0.0.jar;C:\Users\lenovo\.m2\repository\org\junit\jupiter\junit-jupiter-api\5.7.2\junit-jupiter-api-5.7.2.jar;C:\Users\lenovo\.m2\repository\org\apiguardian\apiguardian-api\1.1.0\apiguardian-api-1.1.0.jar;C:\Users\lenovo\.m2\repository\org\opentest4j\opentest4j\1.2.0\opentest4j-1.2.0.jar;C:\Users\lenovo\.m2\repository\org\junit\platform\junit-platform-commons\1.7.2\junit-platform-commons-1.7.2.jar;C:\Users\lenovo\.m2\repository\org\junit\jupiter\junit-jupiter-engine\5.7.2\junit-jupiter-engine-5.7.2.jar;C:\Users\lenovo\.m2\repository\org\junit\platform\junit-platform-engine\1.7.2\junit-platform-engine-1.7.2.jar;"/>
    <property name="java.vm.vendor" value="Microsoft"/>
    <property name="sun.arch.data.model" value="64"/>
    <property name="user.variant" value=""/>
    <property name="java.vendor.url" value="https://www.microsoft.com"/>
    <property name="user.timezone" value="Asia/Calcutta"/>
    <property name="os.name" value="Windows 10"/>
    <property name="java.vm.specification.version" value="17"/>
    <property name="sun.java.launcher" value="SUN_STANDARD"/>
    <property name="user.country" value="IN"/>
    <property name="sun.boot.library.path" value="C:\Program Files\Microsoft\jdk-17.0.4.101-hotspot\bin"/>
    <property name="sun.java.command" value="C:\Users\lenovo\AppData\Local\Temp\surefire4140074013146585583\surefirebooter18052934003821215166.jar C:\Users\lenovo\AppData\Local\Temp\surefire4140074013146585583 2022-12-11T12-45-26_473-jvmRun1 surefire17076458878982795754tmp surefire_04526016904561175978tmp"/>
    <property name="jdk.debug" value="release"/>
    <property name="test" value="uiTestRunner"/>
    <property name="surefire.test.class.path" value="D:\ATAGRT2022\Repo\gtr22-karate-demo\demo\target\test-classes;D:\ATAGRT2022\Repo\gtr22-karate-demo\demo\target\classes;C:\Users\lenovo\.m2\repository\com\intuit\karate\karate-junit5\1.3.0\karate-junit5-1.3.0.jar;C:\Users\lenovo\.m2\repository\com\intuit\karate\karate-core\1.3.0\karate-core-1.3.0.jar;C:\Users\lenovo\.m2\repository\org\graalvm\js\js-scriptengine\22.0.0.2\js-scriptengine-22.0.0.2.jar;C:\Users\lenovo\.m2\repository\org\graalvm\sdk\graal-sdk\22.0.0.2\graal-sdk-22.0.0.2.jar;C:\Users\lenovo\.m2\repository\org\graalvm\js\js\22.0.0.2\js-22.0.0.2.jar;C:\Users\lenovo\.m2\repository\org\graalvm\regex\regex\22.0.0.2\regex-22.0.0.2.jar;C:\Users\lenovo\.m2\repository\org\graalvm\truffle\truffle-api\22.0.0.2\truffle-api-22.0.0.2.jar;C:\Users\lenovo\.m2\repository\org\thymeleaf\thymeleaf\3.0.14.RELEASE\thymeleaf-3.0.14.RELEASE.jar;C:\Users\lenovo\.m2\repository\ognl\ognl\3.1.26\ognl-3.1.26.jar;C:\Users\lenovo\.m2\repository\org\javassist\javassist\3.20.0-GA\javassist-3.20.0-GA.jar;C:\Users\lenovo\.m2\repository\org\attoparser\attoparser\2.0.5.RELEASE\attoparser-2.0.5.RELEASE.jar;C:\Users\lenovo\.m2\repository\org\unbescape\unbescape\1.1.6.RELEASE\unbescape-1.1.6.RELEASE.jar;C:\Users\lenovo\.m2\repository\org\slf4j\slf4j-api\1.7.25\slf4j-api-1.7.25.jar;C:\Users\lenovo\.m2\repository\com\linecorp\armeria\armeria\1.18.0\armeria-1.18.0.jar;C:\Users\lenovo\.m2\repository\com\fasterxml\jackson\core\jackson-core\2.13.3\jackson-core-2.13.3.jar;C:\Users\lenovo\.m2\repository\com\fasterxml\jackson\core\jackson-annotations\2.13.3\jackson-annotations-2.13.3.jar;C:\Users\lenovo\.m2\repository\com\fasterxml\jackson\core\jackson-databind\2.13.3\jackson-databind-2.13.3.jar;C:\Users\lenovo\.m2\repository\io\micrometer\micrometer-core\1.9.2\micrometer-core-1.9.2.jar;C:\Users\lenovo\.m2\repository\org\hdrhistogram\HdrHistogram\2.1.12\HdrHistogram-2.1.12.jar;C:\Users\lenovo\.m2\repository\org\latencyutils\LatencyUtils\2.0.3\LatencyUtils-2.0.3.jar;C:\Users\lenovo\.m2\repository\io\netty\netty-transport\4.1.79.Final\netty-transport-4.1.79.Final.jar;C:\Users\lenovo\.m2\repository\io\netty\netty-common\4.1.79.Final\netty-common-4.1.79.Final.jar;C:\Users\lenovo\.m2\repository\io\netty\netty-buffer\4.1.79.Final\netty-buffer-4.1.79.Final.jar;C:\Users\lenovo\.m2\repository\io\netty\netty-resolver\4.1.79.Final\netty-resolver-4.1.79.Final.jar;C:\Users\lenovo\.m2\repository\io\netty\netty-codec-haproxy\4.1.79.Final\netty-codec-haproxy-4.1.79.Final.jar;C:\Users\lenovo\.m2\repository\io\netty\netty-codec\4.1.79.Final\netty-codec-4.1.79.Final.jar;C:\Users\lenovo\.m2\repository\io\netty\netty-codec-http2\4.1.79.Final\netty-codec-http2-4.1.79.Final.jar;C:\Users\lenovo\.m2\repository\io\netty\netty-handler\4.1.79.Final\netty-handler-4.1.79.Final.jar;C:\Users\lenovo\.m2\repository\io\netty\netty-codec-http\4.1.79.Final\netty-codec-http-4.1.79.Final.jar;C:\Users\lenovo\.m2\repository\io\netty\netty-resolver-dns\4.1.79.Final\netty-resolver-dns-4.1.79.Final.jar;C:\Users\lenovo\.m2\repository\io\netty\netty-codec-dns\4.1.79.Final\netty-codec-dns-4.1.79.Final.jar;C:\Users\lenovo\.m2\repository\org\reactivestreams\reactive-streams\1.0.4\reactive-streams-1.0.4.jar;C:\Users\lenovo\.m2\repository\com\google\code\findbugs\jsr305\3.0.2\jsr305-3.0.2.jar;C:\Users\lenovo\.m2\repository\io\netty\netty-transport-native-unix-common\4.1.79.Final\netty-transport-native-unix-common-4.1.79.Final-linux-x86_64.jar;C:\Users\lenovo\.m2\repository\io\netty\netty-transport-native-epoll\4.1.79.Final\netty-transport-native-epoll-4.1.79.Final-linux-x86_64.jar;C:\Users\lenovo\.m2\repository\io\netty\netty-transport-native-unix-common\4.1.79.Final\netty-transport-native-unix-common-4.1.79.Final.jar;C:\Users\lenovo\.m2\repository\io\netty\netty-transport-classes-epoll\4.1.79.Final\netty-transport-classes-epoll-4.1.79.Final.jar;C:\Users\lenovo\.m2\repository\io\netty\netty-resolver-dns-native-macos\4.1.79.Final\netty-resolver-dns-native-macos-4.1.79.Final-osx-x86_64.jar;C:\Users\lenovo\.m2\repository\io\netty\netty-resolver-dns-classes-macos\4.1.79.Final\netty-resolver-dns-classes-macos-4.1.79.Final.jar;C:\Users\lenovo\.m2\repository\io\netty\netty-resolver-dns-native-macos\4.1.79.Final\netty-resolver-dns-native-macos-4.1.79.Final-osx-aarch_64.jar;C:\Users\lenovo\.m2\repository\io\netty\netty-tcnative-boringssl-static\2.0.53.Final\netty-tcnative-boringssl-static-2.0.53.Final-linux-x86_64.jar;C:\Users\lenovo\.m2\repository\io\netty\netty-tcnative-classes\2.0.53.Final\netty-tcnative-classes-2.0.53.Final.jar;C:\Users\lenovo\.m2\repository\io\netty\netty-tcnative-boringssl-static\2.0.53.Final\netty-tcnative-boringssl-static-2.0.53.Final-linux-aarch_64.jar;C:\Users\lenovo\.m2\repository\io\netty\netty-tcnative-boringssl-static\2.0.53.Final\netty-tcnative-boringssl-static-2.0.53.Final-osx-x86_64.jar;C:\Users\lenovo\.m2\repository\io\netty\netty-tcnative-boringssl-static\2.0.53.Final\netty-tcnative-boringssl-static-2.0.53.Final-osx-aarch_64.jar;C:\Users\lenovo\.m2\repository\io\netty\netty-tcnative-boringssl-static\2.0.53.Final\netty-tcnative-boringssl-static-2.0.53.Final-windows-x86_64.jar;C:\Users\lenovo\.m2\repository\io\netty\netty-handler-proxy\4.1.79.Final\netty-handler-proxy-4.1.79.Final.jar;C:\Users\lenovo\.m2\repository\io\netty\netty-codec-socks\4.1.79.Final\netty-codec-socks-4.1.79.Final.jar;C:\Users\lenovo\.m2\repository\com\aayushatharva\brotli4j\brotli4j\1.7.1\brotli4j-1.7.1.jar;C:\Users\lenovo\.m2\repository\com\aayushatharva\brotli4j\native-windows-x86_64\1.7.1\native-windows-x86_64-1.7.1.jar;C:\Users\lenovo\.m2\repository\org\apache\httpcomponents\httpclient\4.5.13\httpclient-4.5.13.jar;C:\Users\lenovo\.m2\repository\org\apache\httpcomponents\httpcore\4.4.13\httpcore-4.4.13.jar;C:\Users\lenovo\.m2\repository\commons-codec\commons-codec\1.11\commons-codec-1.11.jar;C:\Users\lenovo\.m2\repository\ch\qos\logback\logback-classic\1.2.9\logback-classic-1.2.9.jar;C:\Users\lenovo\.m2\repository\ch\qos\logback\logback-core\1.2.9\logback-core-1.2.9.jar;C:\Users\lenovo\.m2\repository\org\slf4j\jcl-over-slf4j\1.7.32\jcl-over-slf4j-1.7.32.jar;C:\Users\lenovo\.m2\repository\org\antlr\antlr4-runtime\4.9.3\antlr4-runtime-4.9.3.jar;C:\Users\lenovo\.m2\repository\com\jayway\jsonpath\json-path\2.7.0\json-path-2.7.0.jar;C:\Users\lenovo\.m2\repository\net\minidev\json-smart\2.4.7\json-smart-2.4.7.jar;C:\Users\lenovo\.m2\repository\net\minidev\accessors-smart\2.4.7\accessors-smart-2.4.7.jar;C:\Users\lenovo\.m2\repository\org\ow2\asm\asm\9.1\asm-9.1.jar;C:\Users\lenovo\.m2\repository\info\cukes\cucumber-java\1.2.5\cucumber-java-1.2.5.jar;C:\Users\lenovo\.m2\repository\info\cukes\cucumber-core\1.2.5\cucumber-core-1.2.5.jar;C:\Users\lenovo\.m2\repository\org\yaml\snakeyaml\1.32\snakeyaml-1.32.jar;C:\Users\lenovo\.m2\repository\de\siegmar\fastcsv\2.0.0\fastcsv-2.0.0.jar;C:\Users\lenovo\.m2\repository\info\picocli\picocli\4.6.1\picocli-4.6.1.jar;C:\Users\lenovo\.m2\repository\io\github\classgraph\classgraph\4.8.149\classgraph-4.8.149.jar;C:\Users\lenovo\.m2\repository\io\github\t12y\resemble\1.0.2\resemble-1.0.2.jar;C:\Users\lenovo\.m2\repository\io\github\t12y\ssim\1.0.0\ssim-1.0.0.jar;C:\Users\lenovo\.m2\repository\org\junit\jupiter\junit-jupiter-api\5.7.2\junit-jupiter-api-5.7.2.jar;C:\Users\lenovo\.m2\repository\org\apiguardian\apiguardian-api\1.1.0\apiguardian-api-1.1.0.jar;C:\Users\lenovo\.m2\repository\org\opentest4j\opentest4j\1.2.0\opentest4j-1.2.0.jar;C:\Users\lenovo\.m2\repository\org\junit\platform\junit-platform-commons\1.7.2\junit-platform-commons-1.7.2.jar;C:\Users\lenovo\.m2\repository\org\junit\jupiter\junit-jupiter-engine\5.7.2\junit-jupiter-engine-5.7.2.jar;C:\Users\lenovo\.m2\repository\org\junit\platform\junit-platform-engine\1.7.2\junit-platform-engine-1.7.2.jar;"/>
    <property name="sun.cpu.endian" value="little"/>
    <property name="user.home" value="C:\Users\lenovo"/>
    <property name="user.language" value="en"/>
    <property name="java.specification.vendor" value="Oracle Corporation"/>
    <property name="java.version.date" value="2022-08-12"/>
    <property name="java.home" value="C:\Program Files\Microsoft\jdk-17.0.4.101-hotspot"/>
    <property name="file.separator" value="\"/>
    <property name="basedir" value="D:\ATAGRT2022\Repo\gtr22-karate-demo\demo"/>
    <property name="java.vm.compressedOopsMode" value="Zero based"/>
    <property name="line.separator" value="&#10;"/>
    <property name="java.vm.specification.vendor" value="Oracle Corporation"/>
    <property name="java.specification.name" value="Java Platform API Specification"/>
    <property name="surefire.real.class.path" value="C:\Users\lenovo\AppData\Local\Temp\surefire4140074013146585583\surefirebooter18052934003821215166.jar"/>
    <property name="user.script" value=""/>
    <property name="sun.management.compiler" value="HotSpot 64-Bit Tiered Compilers"/>
    <property name="java.runtime.version" value="17.0.4.1+1-LTS"/>
    <property name="user.name" value="lenovo"/>
    <property name="path.separator" value=";"/>
    <property name="os.version" value="10.0"/>
    <property name="java.runtime.name" value="OpenJDK Runtime Environment"/>
    <property name="file.encoding" value="UTF-8"/>
    <property name="java.vm.name" value="OpenJDK 64-Bit Server VM"/>
    <property name="java.vendor.version" value="Microsoft-40354"/>
    <property name="localRepository" value="C:\Users\lenovo\.m2\repository"/>
    <property name="java.vendor.url.bug" value="https://github.com/microsoft/openjdk/issues"/>
    <property name="java.io.tmpdir" value="C:\Users\lenovo\AppData\Local\Temp\"/>
    <property name="java.version" value="17.0.4.1"/>
    <property name="user.dir" value="D:\ATAGRT2022\Repo\gtr22-karate-demo\demo"/>
    <property name="os.arch" value="amd64"/>
    <property name="java.vm.specification.name" value="Java Virtual Machine Specification"/>
    <property name="sun.os.patch.level" value=""/>
    <property name="native.encoding" value="Cp1252"/>
    <property name="java.library.path" value="C:\Program Files\Microsoft\jdk-17.0.4.101-hotspot\bin;C:\WINDOWS\Sun\Java\bin;C:\WINDOWS\system32;C:\WINDOWS;C:\Program Files\Microsoft\jdk-17.0.4.101-hotspot\bin;C:\Program Files\Common Files\Oracle\Java\javapath;C:\Program Files (x86)\Microsoft SDKs\Azure\CLI2\wbin;C:\Program Files (x86)\Common Files\Oracle\Java\javapath;C:\WINDOWS\system32;C:\WINDOWS;C:\WINDOWS\System32\Wbem;C:\WINDOWS\System32\WindowsPowerShell\v1.0\;C:\WINDOWS\System32\OpenSSH\;C:\Program Files\nodejs\;C:\Program Files\Git\cmd;C:\Program Files\Java\jdk1.8.0_311;C:\Program Files\dotnet\;C:\Program Files\PuTTY\;C:\Program Files\Docker\Docker\resources\bin;C:\ProgramData\DockerDesktop\version-bin;D:\Windows Performance Toolkit\;D:\Microsoft Application Virtualization\Sequencer\;C:\Users\lenovo\AppData\Local\Microsoft\WindowsApps;C:\Users\lenovo\AppData\Roaming\npm;C:\apache-maven-3.8.5\bin;C:\Program Files\Java\jdk1.8.0_311;C:\Users\lenovo\AppData\Local\Programs\Microsoft VS Code\bin;C:\Users\lenovo\.dotnet\tools;C:\Users\lenovo\AppData\Local\GitHubDesktop\bin;C:\Users\lenovo\AppData\Local\Programs\Fiddler;C:\apache-maven-3.8.6\bin;;."/>
    <property name="java.vm.info" value="mixed mode, sharing"/>
    <property name="java.vendor" value="Microsoft"/>
    <property name="java.vm.version" value="17.0.4.1+1-LTS"/>
    <property name="sun.io.unicode.encoding" value="UnicodeLittle"/>
    <property name="java.class.version" value="61.0"/>
  </properties>
  <testcase name="testApi[1][1]" classname="examples.testSuite.uiTests.uiTestRunner" time="16.151">
    <failure message="js failed:&#10;&gt;&gt;&gt;&gt;&#10;01: input(&apos;#user-name&apos;, &apos;&lt;username&apos;&gt;)&#10;&lt;&lt;&lt;&lt;&#10;org.graalvm.polyglot.PolyglotException: SyntaxError: Unnamed:1:32 Expected an operand but found )&#10;input(&apos;#user-name&apos;, &apos;&lt;username&apos;&gt;)&#10;                                ^&#10;&#10;- org.graalvm.polyglot.Context.eval(Context.java:425)&#10;- com.intuit.karate.graal.JsEngine.evalForValue(JsEngine.java:139)&#10;- com.intuit.karate.graal.JsEngine.eval(JsEngine.java:135)&#10;- com.intuit.karate.core.ScenarioEngine.evalJs(ScenarioEngine.java:1190)&#10;- com.intuit.karate.ScenarioActions.eval(ScenarioActions.java:388)&#10;- java.base/jdk.internal.reflect.NativeMethodAccessorImpl.invoke0(Native Method)&#10;- java.base/jdk.internal.reflect.NativeMethodAccessorImpl.invoke(NativeMethodAccessorImpl.java:77)&#10;&#10;classpath:examples/testSuite/uiTests/basicUITestScenarioOutline.feature:10" type="org.opentest4j.AssertionFailedError"><![CDATA[org.opentest4j.AssertionFailedError: 
js failed:
>>>>
01: input('#user-name', '<username'>)
<<<<
org.graalvm.polyglot.PolyglotException: SyntaxError: Unnamed:1:32 Expected an operand but found )
input('#user-name', '<username'>)
                                ^

- org.graalvm.polyglot.Context.eval(Context.java:425)
- com.intuit.karate.graal.JsEngine.evalForValue(JsEngine.java:139)
- com.intuit.karate.graal.JsEngine.eval(JsEngine.java:135)
- com.intuit.karate.core.ScenarioEngine.evalJs(ScenarioEngine.java:1190)
- com.intuit.karate.ScenarioActions.eval(ScenarioActions.java:388)
- java.base/jdk.internal.reflect.NativeMethodAccessorImpl.invoke0(Native Method)
- java.base/jdk.internal.reflect.NativeMethodAccessorImpl.invoke(NativeMethodAccessorImpl.java:77)

classpath:examples/testSuite/uiTests/basicUITestScenarioOutline.feature:10
]]></failure>
    <system-out><![CDATA[12:45:33.511 [main] DEBUG com.intuit.karate.Suite - [config] classpath:karate-config.js
12:45:36.543 [main] INFO  com.intuit.karate - karate.env system property was: null 
12:45:36.826 [main] DEBUG com.intuit.karate.shell.Command - found / verified free local port: 9222
12:45:36.882 [chrome_1670742936804] DEBUG c.i.k.driver.chrome_1670742936804 - command: [C:\Program Files\Google\Chrome\Application\chrome.exe, --remote-debugging-port=9222, --no-first-run, --user-data-dir=D:\ATAGRT2022\Repo\gtr22-karate-demo\demo\target\chrome_1670742936804, --disable-popup-blocking], working dir: target\chrome_1670742936804
12:45:36.907 [main] DEBUG c.i.k.driver.chrome_1670742936804 - poll attempt #0 for port to be ready - localhost:9222
12:45:37.239 [main] DEBUG c.i.k.driver.chrome_1670742936804 - poll attempt #1 for port to be ready - localhost:9222
12:45:37.525 [main] DEBUG c.i.k.driver.chrome_1670742936804 - poll attempt #2 for port to be ready - localhost:9222
12:45:37.817 [main] DEBUG c.i.k.driver.chrome_1670742936804 - poll attempt #3 for port to be ready - localhost:9222
12:45:38.136 [main] DEBUG c.i.k.driver.chrome_1670742936804 - poll attempt #4 for port to be ready - localhost:9222
12:45:38.441 [main] DEBUG c.i.k.driver.chrome_1670742936804 - poll attempt #5 for port to be ready - localhost:9222
12:45:38.719 [main] DEBUG c.i.k.driver.chrome_1670742936804 - poll attempt #6 for port to be ready - localhost:9222
12:45:38.732 [chrome_1670742936804-out] DEBUG c.i.k.driver.chrome_1670742936804 - 
12:45:38.733 [chrome_1670742936804-out] DEBUG c.i.k.driver.chrome_1670742936804 - DevTools listening on ws://127.0.0.1:9222/devtools/browser/bf4665c6-a126-47e2-8a6c-75fa098bb4c9
12:45:39.045 [main] DEBUG c.i.k.driver.chrome_1670742936804 - poll attempt #7 for port to be ready - localhost:9222
12:45:41.676 [main] DEBUG com.intuit.karate - request:
1 > GET http://localhost:9222/json
1 > Host: localhost:9222
1 > Connection: Keep-Alive
1 > User-Agent: Apache-HttpClient/4.5.13 (Java/17.0.4.1)
1 > Accept-Encoding: gzip,deflate


12:45:41.940 [main] DEBUG com.intuit.karate - response time in milliseconds: 254
1 < 200
1 < Content-Length: 1280
1 < Content-Type: application/json; charset=UTF-8
[ {
   "description": "",
   "devtoolsFrontendUrl": "/devtools/inspector.html?ws=localhost:9222/devtools/page/03929021E63178C5C4CC33FE79BEC985",
   "id": "03929021E63178C5C4CC33FE79BEC985",
   "title": "Google Network Speech",
   "type": "background_page",
   "url": "chrome-extension://neajdppkdcdipfabeoofebfddakdcjhd/_generated_background_page.html",
   "webSocketDebuggerUrl": "ws://localhost:9222/devtools/page/03929021E63178C5C4CC33FE79BEC985"
}, {
   "description": "",
   "devtoolsFrontendUrl": "/devtools/inspector.html?ws=localhost:9222/devtools/page/8E00A8FB97B0F296BC20B3F82E1CAA07",
   "id": "8E00A8FB97B0F296BC20B3F82E1CAA07",
   "title": "Google Hangouts",
   "type": "background_page",
   "url": "chrome-extension://nkeimhogjdpnpccoofpliimaahmaaome/background.html",
   "webSocketDebuggerUrl": "ws://localhost:9222/devtools/page/8E00A8FB97B0F296BC20B3F82E1CAA07"
}, {
   "description": "",
   "devtoolsFrontendUrl": "/devtools/inspector.html?ws=localhost:9222/devtools/page/F2A48E830D9AFAD3F85B97E638E0F2BE",
   "id": "F2A48E830D9AFAD3F85B97E638E0F2BE",
   "title": "",
   "type": "page",
   "url": "chrome://welcome/?variant=everywhere",
   "webSocketDebuggerUrl": "ws://localhost:9222/devtools/page/F2A48E830D9AFAD3F85B97E638E0F2BE"
} ]


12:45:41.978 [main] DEBUG com.intuit.karate.shell.Command - ready to accept http connections after 2761 ms - http://localhost:9222/json
12:45:41.988 [main] DEBUG com.intuit.karate - request:
1 > GET http://localhost:9222/json
1 > Host: localhost:9222
1 > Connection: Keep-Alive
1 > User-Agent: Apache-HttpClient/4.5.13 (Java/17.0.4.1)
1 > Accept-Encoding: gzip,deflate


12:45:41.991 [main] DEBUG com.intuit.karate - response time in milliseconds: 3
1 < 200
1 < Content-Length: 1280
1 < Content-Type: application/json; charset=UTF-8
[ {
   "description": "",
   "devtoolsFrontendUrl": "/devtools/inspector.html?ws=localhost:9222/devtools/page/F2A48E830D9AFAD3F85B97E638E0F2BE",
   "id": "F2A48E830D9AFAD3F85B97E638E0F2BE",
   "title": "",
   "type": "page",
   "url": "chrome://welcome/?variant=everywhere",
   "webSocketDebuggerUrl": "ws://localhost:9222/devtools/page/F2A48E830D9AFAD3F85B97E638E0F2BE"
}, {
   "description": "",
   "devtoolsFrontendUrl": "/devtools/inspector.html?ws=localhost:9222/devtools/page/03929021E63178C5C4CC33FE79BEC985",
   "id": "03929021E63178C5C4CC33FE79BEC985",
   "title": "Google Network Speech",
   "type": "background_page",
   "url": "chrome-extension://neajdppkdcdipfabeoofebfddakdcjhd/_generated_background_page.html",
   "webSocketDebuggerUrl": "ws://localhost:9222/devtools/page/03929021E63178C5C4CC33FE79BEC985"
}, {
   "description": "",
   "devtoolsFrontendUrl": "/devtools/inspector.html?ws=localhost:9222/devtools/page/8E00A8FB97B0F296BC20B3F82E1CAA07",
   "id": "8E00A8FB97B0F296BC20B3F82E1CAA07",
   "title": "Google Hangouts",
   "type": "background_page",
   "url": "chrome-extension://nkeimhogjdpnpccoofpliimaahmaaome/background.html",
   "webSocketDebuggerUrl": "ws://localhost:9222/devtools/page/8E00A8FB97B0F296BC20B3F82E1CAA07"
} ]


12:45:42.002 [main] DEBUG c.intuit.karate.driver.DriverOptions - root frame id: F2A48E830D9AFAD3F85B97E638E0F2BE
12:45:42.107 [chrome_1670742936804-out] DEBUG c.i.k.driver.chrome_1670742936804 - [48048:30452:1211/124542.101:ERROR:device_event_log_impl.cc(215)] [12:45:42.101] USB: usb_device_handle_win.cc:1045 Failed to read descriptor from node connection: A device attached to the system is not functioning. (0x1F)
12:45:42.110 [chrome_1670742936804-out] DEBUG c.i.k.driver.chrome_1670742936804 - [48048:30452:1211/124542.110:ERROR:device_event_log_impl.cc(215)] [12:45:42.109] USB: usb_device_handle_win.cc:1045 Failed to read descriptor from node connection: A device attached to the system is not functioning. (0x1F)
12:45:42.111 [chrome_1670742936804-out] DEBUG c.i.k.driver.chrome_1670742936804 - [48048:30452:1211/124542.110:ERROR:device_event_log_impl.cc(215)] [12:45:42.109] USB: usb_device_handle_win.cc:1045 Failed to read descriptor from node connection: A device attached to the system is not functioning. (0x1F)
12:45:45.495 [nioEventLoopGroup-2-1] DEBUG c.i.k.http.WebSocketClientHandler - websocket client connected
12:45:45.503 [main] DEBUG c.intuit.karate.driver.DriverOptions - >> {"id":1,"method":"Target.attachToTarget","params":{"targetId":"F2A48E830D9AFAD3F85B97E638E0F2BE","flatten":true}}
12:45:45.536 [nioEventLoopGroup-2-1] DEBUG c.intuit.karate.driver.DriverOptions - << {"method":"Target.attachedToTarget","params":{"sessionId":"2D0B656B7659562141CE4E682663E5EB","targetInfo":{"targetId":"F2A48E830D9AFAD3F85B97E638E0F2BE","type":"page","title":"Welcome to Chrome","url":"chrome://welcome/","attached":true,"canAccessOpener":false,"browserContextId":"BC69C5D5E7AD2AEE1415C25D815F202B"},"waitingForDebugger":false}}
12:45:45.538 [nioEventLoopGroup-2-1] DEBUG c.intuit.karate.driver.DriverOptions - << {"id":1,"result":{"sessionId":"2D0B656B7659562141CE4E682663E5EB"}}
12:45:45.542 [main] DEBUG c.intuit.karate.driver.DriverOptions - >> {"id":2,"sessionId":"2D0B656B7659562141CE4E682663E5EB","method":"Target.activateTarget","params":{"targetId":"F2A48E830D9AFAD3F85B97E638E0F2BE"}}
12:45:45.549 [nioEventLoopGroup-2-1] DEBUG c.intuit.karate.driver.DriverOptions - << {"id":2,"result":{},"sessionId":"2D0B656B7659562141CE4E682663E5EB"}
12:45:45.551 [main] DEBUG c.intuit.karate.driver.DriverOptions - >> {"id":3,"sessionId":"2D0B656B7659562141CE4E682663E5EB","method":"Target.setDiscoverTargets","params":{"discover":true}}
12:45:45.554 [nioEventLoopGroup-2-1] DEBUG c.intuit.karate.driver.DriverOptions - << {"method":"Target.targetCreated","params":{"targetInfo":{"targetId":"03929021E63178C5C4CC33FE79BEC985","type":"background_page","title":"Google Network Speech","url":"chrome-extension://neajdppkdcdipfabeoofebfddakdcjhd/_generated_background_page.html","attached":false,"canAccessOpener":false,"browserContextId":"BC69C5D5E7AD2AEE1415C25D815F202B"}},"sessionId":"2D0B656B7659562141CE4E682663E5EB"}
12:45:45.557 [nioEventLoopGroup-2-1] DEBUG c.intuit.karate.driver.DriverOptions - << {"method":"Target.targetCreated","params":{"targetInfo":{"targetId":"8E00A8FB97B0F296BC20B3F82E1CAA07","type":"background_page","title":"Google Hangouts","url":"chrome-extension://nkeimhogjdpnpccoofpliimaahmaaome/background.html","attached":false,"canAccessOpener":false,"browserContextId":"BC69C5D5E7AD2AEE1415C25D815F202B"}},"sessionId":"2D0B656B7659562141CE4E682663E5EB"}
12:45:45.559 [nioEventLoopGroup-2-1] DEBUG c.intuit.karate.driver.DriverOptions - << {"method":"Target.targetCreated","params":{"targetInfo":{"targetId":"F2A48E830D9AFAD3F85B97E638E0F2BE","type":"page","title":"Welcome to Chrome","url":"chrome://welcome/","attached":true,"canAccessOpener":false,"browserContextId":"BC69C5D5E7AD2AEE1415C25D815F202B"}},"sessionId":"2D0B656B7659562141CE4E682663E5EB"}
12:45:45.560 [nioEventLoopGroup-2-1] DEBUG c.intuit.karate.driver.DriverOptions - << {"id":3,"result":{},"sessionId":"2D0B656B7659562141CE4E682663E5EB"}
12:45:45.563 [main] DEBUG c.intuit.karate.driver.DriverOptions - >> {"id":4,"sessionId":"2D0B656B7659562141CE4E682663E5EB","method":"Page.enable"}
12:45:45.569 [nioEventLoopGroup-2-1] DEBUG c.intuit.karate.driver.DriverOptions - << {"id":4,"result":{},"sessionId":"2D0B656B7659562141CE4E682663E5EB"}
12:45:45.570 [main] DEBUG c.intuit.karate.driver.DriverOptions - >> {"id":5,"sessionId":"2D0B656B7659562141CE4E682663E5EB","method":"Runtime.enable"}
12:45:45.573 [nioEventLoopGroup-2-1] DEBUG c.intuit.karate.driver.DriverOptions - << {"method":"Runtime.executionContextCreated","params":{"context":{"id":1,"origin":"chrome://welcome","name":"","uniqueId":"7743253816262916149.6171153783197070963","auxData":{"isDefault":true,"type":"default","frameId":"F2A48E830D9AFAD3F85B97E638E0F2BE"}}},"sessionId":"2D0B656B7659562141CE4E682663E5EB"}
12:45:45.575 [nioEventLoopGroup-2-1] DEBUG c.intuit.karate.driver.DriverOptions - << {"id":5,"result":{},"sessionId":"2D0B656B7659562141CE4E682663E5EB"}
12:45:45.576 [main] DEBUG c.intuit.karate.driver.DriverOptions - >> {"id":6,"sessionId":"2D0B656B7659562141CE4E682663E5EB","method":"Browser.getWindowForTarget","params":{"targetId":"F2A48E830D9AFAD3F85B97E638E0F2BE"}}
12:45:45.582 [nioEventLoopGroup-2-1] DEBUG c.intuit.karate.driver.DriverOptions - << {"id":6,"result":{"windowId":1364679464,"bounds":{"left":9,"top":9,"width":1051,"height":806,"windowState":"normal"}},"sessionId":"2D0B656B7659562141CE4E682663E5EB"}
12:45:46.485 [main] DEBUG c.intuit.karate.driver.DriverOptions - >> {"id":7,"sessionId":"2D0B656B7659562141CE4E682663E5EB","method":"Page.navigate","params":{"url":"https:\/\/www.saucedemo.com\/"}}
12:45:47.341 [nioEventLoopGroup-2-1] DEBUG c.intuit.karate.driver.DriverOptions - << {"id":7,"result":{"frameId":"F2A48E830D9AFAD3F85B97E638E0F2BE","loaderId":"B4273D768B1E9F3EB9F649FEF4BA140C"},"sessionId":"2D0B656B7659562141CE4E682663E5EB"}
12:45:47.345 [nioEventLoopGroup-2-1] DEBUG c.intuit.karate.driver.DriverOptions - << {"method":"Runtime.executionContextsCleared","params":{},"sessionId":"2D0B656B7659562141CE4E682663E5EB"}
12:45:47.351 [nioEventLoopGroup-2-1] DEBUG c.intuit.karate.driver.DriverOptions - << {"method":"Page.frameStartedLoading","params":{"frameId":"F2A48E830D9AFAD3F85B97E638E0F2BE"},"sessionId":"2D0B656B7659562141CE4E682663E5EB"}
12:45:47.377 [nioEventLoopGroup-2-1] DEBUG c.intuit.karate.driver.DriverOptions - << {"method":"Target.targetInfoChanged","params":{"targetInfo":{"targetId":"F2A48E830D9AFAD3F85B97E638E0F2BE","type":"page","title":"https://www.saucedemo.com","url":"https://www.saucedemo.com/","attached":true,"canAccessOpener":false,"browserContextId":"BC69C5D5E7AD2AEE1415C25D815F202B"}},"sessionId":"2D0B656B7659562141CE4E682663E5EB"}
12:45:47.380 [nioEventLoopGroup-2-1] DEBUG c.intuit.karate.driver.DriverOptions - << {"method":"Runtime.executionContextsCleared","params":{},"sessionId":"2D0B656B7659562141CE4E682663E5EB"}
12:45:47.381 [nioEventLoopGroup-2-1] DEBUG c.intuit.karate.driver.DriverOptions - << {"method":"Page.frameNavigated","params":{"frame":{"id":"F2A48E830D9AFAD3F85B97E638E0F2BE","loaderId":"B4273D768B1E9F3EB9F649FEF4BA140C","url":"https://www.saucedemo.com/","domainAndRegistry":"saucedemo.com","securityOrigin":"https://www.saucedemo.com","mimeType":"text/html","adFrameStatus":{"adFrameType":"none"},"secureContextType":"Secure","crossOriginIsolatedContextType":"NotIsolated","gatedAPIFeatures":[]},"type":"Navigation"},"sessionId":"2D0B656B7659562141CE4E682663E5EB"}
12:45:47.383 [nioEventLoopGroup-2-1] DEBUG c.intuit.karate.driver.DriverOptions - << {"method":"Runtime.executionContextCreated","params":{"context":{"id":1,"origin":"https://www.saucedemo.com","name":"","uniqueId":"7163261226489937882.2479862543112585540","auxData":{"isDefault":true,"type":"default","frameId":"F2A48E830D9AFAD3F85B97E638E0F2BE"}}},"sessionId":"2D0B656B7659562141CE4E682663E5EB"}
12:45:48.558 [nioEventLoopGroup-2-1] DEBUG c.intuit.karate.driver.DriverOptions - << {"method":"Page.domContentEventFired","params":{"timestamp":681411.620127},"sessionId":"2D0B656B7659562141CE4E682663E5EB"}
12:45:48.583 [main] DEBUG c.intuit.karate.driver.DriverOptions - >> {"id":8,"sessionId":"2D0B656B7659562141CE4E682663E5EB","method":"Browser.setWindowBounds","params":{"windowId":1364679464,"bounds":{"windowState":"maximized"}}}
12:45:48.663 [nioEventLoopGroup-2-1] DEBUG c.intuit.karate.driver.DriverOptions - << {"id":8,"result":{},"sessionId":"2D0B656B7659562141CE4E682663E5EB"}
12:45:48.685 [nioEventLoopGroup-2-1] DEBUG c.intuit.karate.driver.DriverOptions - << {"method":"Page.frameResized","params":{},"sessionId":"2D0B656B7659562141CE4E682663E5EB"}
12:45:48.692 [nioEventLoopGroup-2-1] DEBUG c.intuit.karate.driver.DriverOptions - << {"method":"Page.frameResized","params":{},"sessionId":"2D0B656B7659562141CE4E682663E5EB"}
12:45:48.838 [main] ERROR com.intuit.karate - classpath:examples/testSuite/uiTests/basicUITestScenarioOutline.feature:10
And input('#user-name', '<username'>)
js failed:
>>>>
01: input('#user-name', '<username'>)
<<<<
org.graalvm.polyglot.PolyglotException: SyntaxError: Unnamed:1:32 Expected an operand but found )
input('#user-name', '<username'>)
                                ^

- org.graalvm.polyglot.Context.eval(Context.java:425)
- com.intuit.karate.graal.JsEngine.evalForValue(JsEngine.java:139)
- com.intuit.karate.graal.JsEngine.eval(JsEngine.java:135)
- com.intuit.karate.core.ScenarioEngine.evalJs(ScenarioEngine.java:1190)
- com.intuit.karate.ScenarioActions.eval(ScenarioActions.java:388)
- java.base/jdk.internal.reflect.NativeMethodAccessorImpl.invoke0(Native Method)
- java.base/jdk.internal.reflect.NativeMethodAccessorImpl.invoke(NativeMethodAccessorImpl.java:77)

classpath:examples/testSuite/uiTests/basicUITestScenarioOutline.feature:10
12:45:48.839 [main] DEBUG c.intuit.karate.driver.DriverOptions - >> {"id":9,"sessionId":"2D0B656B7659562141CE4E682663E5EB","method":"Page.captureScreenshot"}
12:45:48.843 [nioEventLoopGroup-2-1] DEBUG c.intuit.karate.driver.DriverOptions - << {"method":"Page.loadEventFired","params":{"timestamp":681411.869676},"sessionId":"2D0B656B7659562141CE4E682663E5EB"}
12:45:48.845 [nioEventLoopGroup-2-1] DEBUG c.intuit.karate.driver.DriverOptions - << {"method":"Page.frameStoppedLoading","params":{"frameId":"F2A48E830D9AFAD3F85B97E638E0F2BE"},"sessionId":"2D0B656B7659562141CE4E682663E5EB"}
12:45:48.876 [nioEventLoopGroup-2-1] DEBUG c.intuit.karate.driver.DriverOptions - << {"method":"Target.targetCreated","params":{"targetInfo":{"targetId":"ED94D340870A488D1613B6466FCB77D8","type":"service_worker","title":"Service Worker https://www.saucedemo.com/service-worker.js","url":"https://www.saucedemo.com/service-worker.js","attached":false,"canAccessOpener":false,"browserContextId":"BC69C5D5E7AD2AEE1415C25D815F202B"}},"sessionId":"2D0B656B7659562141CE4E682663E5EB"}
12:45:49.238 [nioEventLoopGroup-2-1] DEBUG c.intuit.karate.driver.DriverOptions - << {"id":9,"result":{"data":"iVBORw0KGgoAAAANSUhEUgAAB4AAAAOuCAYAAADmSwqTAAAAAXNSR0IArs4c6QAAIABJREFUeJzs3WlwXPd55/vf2fr0gp0ACYILQIKruFOiRMnaSEneY4/j2Lk1mSROxlM1t+qu82KqpmrezNs7t+4yUzfXcSqpcs114iWRbdnWZtmWKFISKYkgKXABVxA7iH3t7rPeFwcEBREbLUp0mt9PFV6o+9/n/M85zSqRPzzPY8RxHAsAAAAAAAAAAAAA8KkaHx+/68c07/oRAQAAAAAAAAAAAAD3BAEwAAAAAAAAAAAAAJQIAmAAAAAAAAAAAAAAKBEEwAAAAAAAAAAAAABQIgiAAQAAAAAAAAAAAKBEEAADAAAAAAAAAAAAQIkgAAYAAAAAAAAAAACAEkEADAAAAAAAAAAAAAAlggAYAAAAAAAAAAAAAH6PvfDCC8teSwAMAAAAAAAAAAAAAL+nboa/yw2BCYABAAAAAAAAAAAA4PfQR0Pf5YTABMAAAAAAAAAAAAAA8HtmobB3qRCYABgAAAAAAAAAAAAAfo8sFfIu9r4Rx3F8tzcEAAAAAAAAAAAAAFjc+Pj4XT8mFcAAAAAAAAAAAAAAUCIIgAEAAAAAAAAAAACgRBAAAwAAAAAAAAAAAECJIAAGAAAAAAAAAAAAgBJBAAwAAAAAAAAAAAAAJYIAGAAAAAAAAAAAAABKhH2vNwAAAAAAAAAAAAAA97NTp0597GPs3btXEhXAAAAAAAAAAAAAAFAyCIABAAAAAAAAAAAAoEQQAAMAAAAAAAAAAABAiSAABgAAAAAAAAAAAIASQQAMAAAAAAAAAAAAACWCABgAAAAAAAAAAAAASgQBMAAAAAAAAAAAAACUCAJgAAAAAAAAAAAAACgRBMAAAAAAAAAAAAAAUCIIgAEAAAAAAAAAAACgRBAAAwAAAAAAAAAAAECJIAAGAAAAAAAAAAAAgBJBAAwAAAAAAAAAAAAAJYIAGAAAAAAAAA ...
12:45:49.259 [main] DEBUG c.intuit.karate.driver.DriverOptions - >> {"id":10,"sessionId":"2D0B656B7659562141CE4E682663E5EB","method":"Target.closeTarget","params":{"targetId":"F2A48E830D9AFAD3F85B97E638E0F2BE"}}
12:45:49.261 [nioEventLoopGroup-2-1] DEBUG c.intuit.karate.driver.DriverOptions - << {"id":10,"result":{"success":true},"sessionId":"2D0B656B7659562141CE4E682663E5EB"}
12:45:49.267 [nioEventLoopGroup-2-1] DEBUG c.i.k.http.WebSocketClientHandler - websocket client disconnected
12:45:49.275 [main] DEBUG com.intuit.karate.shell.Command - closing command: chrome_1670742936804
]]></system-out>
  </testcase>
  <testcase name="testApi[1][2]" classname="examples.testSuite.uiTests.uiTestRunner" time="12.449">
    <failure message="js failed:&#10;&gt;&gt;&gt;&gt;&#10;01: input(&apos;#user-name&apos;, &apos;&lt;username&apos;&gt;)&#10;&lt;&lt;&lt;&lt;&#10;org.graalvm.polyglot.PolyglotException: SyntaxError: Unnamed:1:32 Expected an operand but found )&#10;input(&apos;#user-name&apos;, &apos;&lt;username&apos;&gt;)&#10;                                ^&#10;&#10;- org.graalvm.polyglot.Context.eval(Context.java:425)&#10;- com.intuit.karate.graal.JsEngine.evalForValue(JsEngine.java:139)&#10;- com.intuit.karate.graal.JsEngine.eval(JsEngine.java:135)&#10;- com.intuit.karate.core.ScenarioEngine.evalJs(ScenarioEngine.java:1190)&#10;- com.intuit.karate.ScenarioActions.eval(ScenarioActions.java:388)&#10;- java.base/jdk.internal.reflect.NativeMethodAccessorImpl.invoke0(Native Method)&#10;- java.base/jdk.internal.reflect.NativeMethodAccessorImpl.invoke(NativeMethodAccessorImpl.java:77)&#10;&#10;classpath:examples/testSuite/uiTests/basicUITestScenarioOutline.feature:10" type="org.opentest4j.AssertionFailedError"><![CDATA[org.opentest4j.AssertionFailedError: 
js failed:
>>>>
01: input('#user-name', '<username'>)
<<<<
org.graalvm.polyglot.PolyglotException: SyntaxError: Unnamed:1:32 Expected an operand but found )
input('#user-name', '<username'>)
                                ^

- org.graalvm.polyglot.Context.eval(Context.java:425)
- com.intuit.karate.graal.JsEngine.evalForValue(JsEngine.java:139)
- com.intuit.karate.graal.JsEngine.eval(JsEngine.java:135)
- com.intuit.karate.core.ScenarioEngine.evalJs(ScenarioEngine.java:1190)
- com.intuit.karate.ScenarioActions.eval(ScenarioActions.java:388)
- java.base/jdk.internal.reflect.NativeMethodAccessorImpl.invoke0(Native Method)
- java.base/jdk.internal.reflect.NativeMethodAccessorImpl.invoke(NativeMethodAccessorImpl.java:77)

classpath:examples/testSuite/uiTests/basicUITestScenarioOutline.feature:10
]]></failure>
    <system-out><![CDATA[12:45:49.753 [main] INFO  com.intuit.karate - karate.env system property was: null 
12:45:49.763 [main] DEBUG com.intuit.karate.shell.Command - found / verified free local port: 64351
12:45:49.764 [main] WARN  c.intuit.karate.driver.DriverOptions - preferred port 9222 not available, will use: 64351
12:45:49.767 [main] DEBUG c.i.k.driver.chrome_1670742949762 - poll attempt #0 for port to be ready - localhost:64351
12:45:49.930 [chrome_1670742949762] DEBUG c.i.k.driver.chrome_1670742949762 - command: [C:\Program Files\Google\Chrome\Application\chrome.exe, --remote-debugging-port=64351, --no-first-run, --user-data-dir=D:\ATAGRT2022\Repo\gtr22-karate-demo\demo\target\chrome_1670742949762, --disable-popup-blocking], working dir: target\chrome_1670742949762
12:45:50.073 [main] DEBUG c.i.k.driver.chrome_1670742949762 - poll attempt #1 for port to be ready - localhost:64351
12:45:50.359 [main] DEBUG c.i.k.driver.chrome_1670742949762 - poll attempt #2 for port to be ready - localhost:64351
12:45:50.646 [main] DEBUG c.i.k.driver.chrome_1670742949762 - poll attempt #3 for port to be ready - localhost:64351
12:45:50.937 [main] DEBUG c.i.k.driver.chrome_1670742949762 - poll attempt #4 for port to be ready - localhost:64351
12:45:51.214 [main] DEBUG c.i.k.driver.chrome_1670742949762 - poll attempt #5 for port to be ready - localhost:64351
12:45:51.479 [main] DEBUG c.i.k.driver.chrome_1670742949762 - poll attempt #6 for port to be ready - localhost:64351
12:45:51.966 [main] DEBUG c.i.k.driver.chrome_1670742949762 - poll attempt #7 for port to be ready - localhost:64351
12:45:52.147 [chrome_1670742949762-out] DEBUG c.i.k.driver.chrome_1670742949762 - 
12:45:52.147 [chrome_1670742949762-out] DEBUG c.i.k.driver.chrome_1670742949762 - DevTools listening on ws://127.0.0.1:64351/devtools/browser/528fc4e7-d84f-423b-85e0-108186ee1d44
12:45:52.298 [main] DEBUG c.i.k.driver.chrome_1670742949762 - poll attempt #8 for port to be ready - localhost:64351
12:45:52.449 [main] DEBUG com.intuit.karate - request:
1 > GET http://localhost:64351/json
1 > Host: localhost:64351
1 > Connection: Keep-Alive
1 > User-Agent: Apache-HttpClient/4.5.13 (Java/17.0.4.1)
1 > Accept-Encoding: gzip,deflate


12:45:52.756 [main] DEBUG com.intuit.karate - response time in milliseconds: 307
1 < 200
1 < Content-Length: 386
1 < Content-Type: application/json; charset=UTF-8
[ {
   "description": "",
   "devtoolsFrontendUrl": "/devtools/inspector.html?ws=localhost:64351/devtools/page/B92038A79123B6B2F3AEAA2A3A5BC8AE",
   "id": "B92038A79123B6B2F3AEAA2A3A5BC8AE",
   "title": "",
   "type": "page",
   "url": "chrome://welcome/?variant=everywhere",
   "webSocketDebuggerUrl": "ws://localhost:64351/devtools/page/B92038A79123B6B2F3AEAA2A3A5BC8AE"
} ]


12:45:52.761 [main] DEBUG com.intuit.karate.shell.Command - ready to accept http connections after 418 ms - http://localhost:64351/json
12:45:52.765 [main] DEBUG com.intuit.karate - request:
1 > GET http://localhost:64351/json
1 > Host: localhost:64351
1 > Connection: Keep-Alive
1 > User-Agent: Apache-HttpClient/4.5.13 (Java/17.0.4.1)
1 > Accept-Encoding: gzip,deflate


12:45:52.859 [main] DEBUG com.intuit.karate - response time in milliseconds: 92
1 < 200
1 < Content-Length: 1286
1 < Content-Type: application/json; charset=UTF-8
[ {
   "description": "",
   "devtoolsFrontendUrl": "/devtools/inspector.html?ws=localhost:64351/devtools/page/ABBA253EDEB63B897B5270943CA25DD5",
   "id": "ABBA253EDEB63B897B5270943CA25DD5",
   "title": "Google Network Speech",
   "type": "background_page",
   "url": "chrome-extension://neajdppkdcdipfabeoofebfddakdcjhd/_generated_background_page.html",
   "webSocketDebuggerUrl": "ws://localhost:64351/devtools/page/ABBA253EDEB63B897B5270943CA25DD5"
}, {
   "description": "",
   "devtoolsFrontendUrl": "/devtools/inspector.html?ws=localhost:64351/devtools/page/E511B0FE2F7BA86707E4018BCEE1E705",
   "id": "E511B0FE2F7BA86707E4018BCEE1E705",
   "title": "Google Hangouts",
   "type": "background_page",
   "url": "chrome-extension://nkeimhogjdpnpccoofpliimaahmaaome/background.html",
   "webSocketDebuggerUrl": "ws://localhost:64351/devtools/page/E511B0FE2F7BA86707E4018BCEE1E705"
}, {
   "description": "",
   "devtoolsFrontendUrl": "/devtools/inspector.html?ws=localhost:64351/devtools/page/B92038A79123B6B2F3AEAA2A3A5BC8AE",
   "id": "B92038A79123B6B2F3AEAA2A3A5BC8AE",
   "title": "",
   "type": "page",
   "url": "chrome://welcome/?variant=everywhere",
   "webSocketDebuggerUrl": "ws://localhost:64351/devtools/page/B92038A79123B6B2F3AEAA2A3A5BC8AE"
} ]


12:45:52.861 [main] DEBUG c.intuit.karate.driver.DriverOptions - root frame id: B92038A79123B6B2F3AEAA2A3A5BC8AE
12:45:53.186 [nioEventLoopGroup-3-1] DEBUG c.i.k.http.WebSocketClientHandler - websocket client connected
12:45:53.187 [main] DEBUG c.intuit.karate.driver.DriverOptions - >> {"id":1,"method":"Target.attachToTarget","params":{"targetId":"B92038A79123B6B2F3AEAA2A3A5BC8AE","flatten":true}}
12:45:53.273 [nioEventLoopGroup-3-1] DEBUG c.intuit.karate.driver.DriverOptions - << {"method":"Target.attachedToTarget","params":{"sessionId":"C0B9FF1D3DC58F34D4C847879C79747A","targetInfo":{"targetId":"B92038A79123B6B2F3AEAA2A3A5BC8AE","type":"page","title":"","url":"chrome://welcome/?variant=everywhere","attached":true,"canAccessOpener":false,"browserContextId":"54F498BF845AC639AE7AA289B72EDDC3"},"waitingForDebugger":false}}
12:45:53.276 [nioEventLoopGroup-3-1] DEBUG c.intuit.karate.driver.DriverOptions - << {"id":1,"result":{"sessionId":"C0B9FF1D3DC58F34D4C847879C79747A"}}
12:45:53.278 [main] DEBUG c.intuit.karate.driver.DriverOptions - >> {"id":2,"sessionId":"C0B9FF1D3DC58F34D4C847879C79747A","method":"Target.activateTarget","params":{"targetId":"B92038A79123B6B2F3AEAA2A3A5BC8AE"}}
12:45:53.470 [nioEventLoopGroup-3-1] DEBUG c.intuit.karate.driver.DriverOptions - << {"id":2,"result":{},"sessionId":"C0B9FF1D3DC58F34D4C847879C79747A"}
12:45:53.472 [main] DEBUG c.intuit.karate.driver.DriverOptions - >> {"id":3,"sessionId":"C0B9FF1D3DC58F34D4C847879C79747A","method":"Target.setDiscoverTargets","params":{"discover":true}}
12:45:53.705 [nioEventLoopGroup-3-1] DEBUG c.intuit.karate.driver.DriverOptions - << {"method":"Target.targetCreated","params":{"targetInfo":{"targetId":"ABBA253EDEB63B897B5270943CA25DD5","type":"background_page","title":"Google Network Speech","url":"chrome-extension://neajdppkdcdipfabeoofebfddakdcjhd/_generated_background_page.html","attached":false,"canAccessOpener":false,"browserContextId":"54F498BF845AC639AE7AA289B72EDDC3"}},"sessionId":"C0B9FF1D3DC58F34D4C847879C79747A"}
12:45:53.711 [nioEventLoopGroup-3-1] DEBUG c.intuit.karate.driver.DriverOptions - << {"method":"Target.targetCreated","params":{"targetInfo":{"targetId":"B92038A79123B6B2F3AEAA2A3A5BC8AE","type":"page","title":"","url":"chrome://welcome/?variant=everywhere","attached":true,"canAccessOpener":false,"browserContextId":"54F498BF845AC639AE7AA289B72EDDC3"}},"sessionId":"C0B9FF1D3DC58F34D4C847879C79747A"}
12:45:53.715 [nioEventLoopGroup-3-1] DEBUG c.intuit.karate.driver.DriverOptions - << {"method":"Target.targetCreated","params":{"targetInfo":{"targetId":"E511B0FE2F7BA86707E4018BCEE1E705","type":"background_page","title":"Google Hangouts","url":"chrome-extension://nkeimhogjdpnpccoofpliimaahmaaome/background.html","attached":false,"canAccessOpener":false,"browserContextId":"54F498BF845AC639AE7AA289B72EDDC3"}},"sessionId":"C0B9FF1D3DC58F34D4C847879C79747A"}
12:45:53.717 [nioEventLoopGroup-3-1] DEBUG c.intuit.karate.driver.DriverOptions - << {"id":3,"result":{},"sessionId":"C0B9FF1D3DC58F34D4C847879C79747A"}
12:45:53.718 [nioEventLoopGroup-3-1] DEBUG c.intuit.karate.driver.DriverOptions - << {"method":"Target.targetInfoChanged","params":{"targetInfo":{"targetId":"E511B0FE2F7BA86707E4018BCEE1E705","type":"background_page","title":"Google Hangouts","url":"chrome-extension://nkeimhogjdpnpccoofpliimaahmaaome/background.html","attached":false,"canAccessOpener":false,"browserContextId":"54F498BF845AC639AE7AA289B72EDDC3"}},"sessionId":"C0B9FF1D3DC58F34D4C847879C79747A"}
12:45:53.719 [main] DEBUG c.intuit.karate.driver.DriverOptions - >> {"id":4,"sessionId":"C0B9FF1D3DC58F34D4C847879C79747A","method":"Page.enable"}
12:45:53.768 [nioEventLoopGroup-3-1] DEBUG c.intuit.karate.driver.DriverOptions - << {"method":"Target.targetInfoChanged","params":{"targetInfo":{"targetId":"ABBA253EDEB63B897B5270943CA25DD5","type":"background_page","title":"Google Network Speech","url":"chrome-extension://neajdppkdcdipfabeoofebfddakdcjhd/_generated_background_page.html","attached":false,"canAccessOpener":false,"browserContextId":"54F498BF845AC639AE7AA289B72EDDC3"}},"sessionId":"C0B9FF1D3DC58F34D4C847879C79747A"}
12:45:55.680 [chrome_1670742949762-out] DEBUG c.i.k.driver.chrome_1670742949762 - [38348:34088:1211/124555.680:ERROR:device_event_log_impl.cc(215)] [12:45:55.680] USB: usb_device_handle_win.cc:1045 Failed to read descriptor from node connection: A device attached to the system is not functioning. (0x1F)
12:45:55.688 [chrome_1670742949762-out] DEBUG c.i.k.driver.chrome_1670742949762 - [38348:34088:1211/124555.688:ERROR:device_event_log_impl.cc(215)] [12:45:55.688] USB: usb_device_handle_win.cc:1045 Failed to read descriptor from node connection: A device attached to the system is not functioning. (0x1F)
12:45:55.689 [chrome_1670742949762-out] DEBUG c.i.k.driver.chrome_1670742949762 - [38348:34088:1211/124555.688:ERROR:device_event_log_impl.cc(215)] [12:45:55.689] USB: usb_device_handle_win.cc:1045 Failed to read descriptor from node connection: A device attached to the system is not functioning. (0x1F)
12:45:59.358 [chrome_1670742936804] WARN  com.intuit.karate.shell.Command - exit code was non-zero: 1 - [C:\Program Files\Google\Chrome\Application\chrome.exe, --remote-debugging-port=9222, --no-first-run, --user-data-dir=D:\ATAGRT2022\Repo\gtr22-karate-demo\demo\target\chrome_1670742936804, --disable-popup-blocking] working dir: target\chrome_1670742936804
12:45:59.876 [nioEventLoopGroup-3-1] DEBUG c.intuit.karate.driver.DriverOptions - << {"method":"Target.targetInfoChanged","params":{"targetInfo":{"targetId":"B92038A79123B6B2F3AEAA2A3A5BC8AE","type":"page","title":"chrome://welcome/?variant=everywhere","url":"chrome://welcome/?variant=everywhere","attached":true,"canAccessOpener":false,"browserContextId":"54F498BF845AC639AE7AA289B72EDDC3"}},"sessionId":"C0B9FF1D3DC58F34D4C847879C79747A"}
12:45:59.906 [nioEventLoopGroup-3-1] DEBUG c.intuit.karate.driver.DriverOptions - << {"id":4,"result":{},"sessionId":"C0B9FF1D3DC58F34D4C847879C79747A"}
12:45:59.907 [main] DEBUG c.intuit.karate.driver.DriverOptions - >> {"id":5,"sessionId":"C0B9FF1D3DC58F34D4C847879C79747A","method":"Runtime.enable"}
12:45:59.948 [nioEventLoopGroup-3-1] DEBUG c.intuit.karate.driver.DriverOptions - << {"method":"Runtime.executionContextCreated","params":{"context":{"id":1,"origin":"chrome://welcome","name":"","uniqueId":"996363110607746748.-4804675720987838762","auxData":{"isDefault":true,"type":"default","frameId":"B92038A79123B6B2F3AEAA2A3A5BC8AE"}}},"sessionId":"C0B9FF1D3DC58F34D4C847879C79747A"}
12:45:59.961 [nioEventLoopGroup-3-1] DEBUG c.intuit.karate.driver.DriverOptions - << {"id":5,"result":{},"sessionId":"C0B9FF1D3DC58F34D4C847879C79747A"}
12:45:59.964 [main] DEBUG c.intuit.karate.driver.DriverOptions - >> {"id":6,"sessionId":"C0B9FF1D3DC58F34D4C847879C79747A","method":"Browser.getWindowForTarget","params":{"targetId":"B92038A79123B6B2F3AEAA2A3A5BC8AE"}}
12:45:59.989 [nioEventLoopGroup-3-1] DEBUG c.intuit.karate.driver.DriverOptions - << {"id":6,"result":{"windowId":752876584,"bounds":{"left":9,"top":9,"width":1051,"height":806,"windowState":"normal"}},"sessionId":"C0B9FF1D3DC58F34D4C847879C79747A"}
12:46:00.087 [main] DEBUG c.intuit.karate.driver.DriverOptions - >> {"id":7,"sessionId":"C0B9FF1D3DC58F34D4C847879C79747A","method":"Page.navigate","params":{"url":"https:\/\/www.saucedemo.com\/"}}
12:46:00.547 [nioEventLoopGroup-3-1] DEBUG c.intuit.karate.driver.DriverOptions - << {"id":7,"result":{"frameId":"B92038A79123B6B2F3AEAA2A3A5BC8AE","loaderId":"75F48971D12DDC942A2D90126E7D7A9C"},"sessionId":"C0B9FF1D3DC58F34D4C847879C79747A"}
12:46:00.549 [nioEventLoopGroup-3-1] DEBUG c.intuit.karate.driver.DriverOptions - << {"method":"Runtime.executionContextsCleared","params":{},"sessionId":"C0B9FF1D3DC58F34D4C847879C79747A"}
12:46:00.550 [nioEventLoopGroup-3-1] DEBUG c.intuit.karate.driver.DriverOptions - << {"method":"Page.frameStartedLoading","params":{"frameId":"B92038A79123B6B2F3AEAA2A3A5BC8AE"},"sessionId":"C0B9FF1D3DC58F34D4C847879C79747A"}
12:46:00.551 [nioEventLoopGroup-3-1] DEBUG c.intuit.karate.driver.DriverOptions - << {"method":"Target.targetInfoChanged","params":{"targetInfo":{"targetId":"B92038A79123B6B2F3AEAA2A3A5BC8AE","type":"page","title":"https://www.saucedemo.com","url":"https://www.saucedemo.com/","attached":true,"canAccessOpener":false,"browserContextId":"54F498BF845AC639AE7AA289B72EDDC3"}},"sessionId":"C0B9FF1D3DC58F34D4C847879C79747A"}
12:46:00.574 [nioEventLoopGroup-3-1] DEBUG c.intuit.karate.driver.DriverOptions - << {"method":"Runtime.executionContextsCleared","params":{},"sessionId":"C0B9FF1D3DC58F34D4C847879C79747A"}
12:46:00.584 [nioEventLoopGroup-3-1] DEBUG c.intuit.karate.driver.DriverOptions - << {"method":"Page.frameNavigated","params":{"frame":{"id":"B92038A79123B6B2F3AEAA2A3A5BC8AE","loaderId":"75F48971D12DDC942A2D90126E7D7A9C","url":"https://www.saucedemo.com/","domainAndRegistry":"saucedemo.com","securityOrigin":"https://www.saucedemo.com","mimeType":"text/html","adFrameStatus":{"adFrameType":"none"},"secureContextType":"Secure","crossOriginIsolatedContextType":"NotIsolated","gatedAPIFeatures":[]},"type":"Navigation"},"sessionId":"C0B9FF1D3DC58F34D4C847879C79747A"}
12:46:00.586 [nioEventLoopGroup-3-1] DEBUG c.intuit.karate.driver.DriverOptions - << {"method":"Runtime.executionContextCreated","params":{"context":{"id":1,"origin":"https://www.saucedemo.com","name":"","uniqueId":"6793929271867293889.4047431717666083559","auxData":{"isDefault":true,"type":"default","frameId":"B92038A79123B6B2F3AEAA2A3A5BC8AE"}}},"sessionId":"C0B9FF1D3DC58F34D4C847879C79747A"}
12:46:01.198 [nioEventLoopGroup-3-1] DEBUG c.intuit.karate.driver.DriverOptions - << {"method":"Page.domContentEventFired","params":{"timestamp":681424.207257},"sessionId":"C0B9FF1D3DC58F34D4C847879C79747A"}
12:46:01.199 [nioEventLoopGroup-3-1] DEBUG c.intuit.karate.driver.DriverOptions - << {"method":"Page.loadEventFired","params":{"timestamp":681424.253161},"sessionId":"C0B9FF1D3DC58F34D4C847879C79747A"}
12:46:01.200 [nioEventLoopGroup-3-1] DEBUG c.intuit.karate.driver.DriverOptions - << {"method":"Page.frameStoppedLoading","params":{"frameId":"B92038A79123B6B2F3AEAA2A3A5BC8AE"},"sessionId":"C0B9FF1D3DC58F34D4C847879C79747A"}
12:46:01.209 [main] DEBUG c.intuit.karate.driver.DriverOptions - >> {"id":8,"sessionId":"C0B9FF1D3DC58F34D4C847879C79747A","method":"Browser.setWindowBounds","params":{"windowId":752876584,"bounds":{"windowState":"maximized"}}}
12:46:01.417 [nioEventLoopGroup-3-1] DEBUG c.intuit.karate.driver.DriverOptions - << {"id":8,"result":{},"sessionId":"C0B9FF1D3DC58F34D4C847879C79747A"}
12:46:01.428 [main] ERROR com.intuit.karate - classpath:examples/testSuite/uiTests/basicUITestScenarioOutline.feature:10
And input('#user-name', '<username'>)
js failed:
>>>>
01: input('#user-name', '<username'>)
<<<<
org.graalvm.polyglot.PolyglotException: SyntaxError: Unnamed:1:32 Expected an operand but found )
input('#user-name', '<username'>)
                                ^

- org.graalvm.polyglot.Context.eval(Context.java:425)
- com.intuit.karate.graal.JsEngine.evalForValue(JsEngine.java:139)
- com.intuit.karate.graal.JsEngine.eval(JsEngine.java:135)
- com.intuit.karate.core.ScenarioEngine.evalJs(ScenarioEngine.java:1190)
- com.intuit.karate.ScenarioActions.eval(ScenarioActions.java:388)
- java.base/jdk.internal.reflect.NativeMethodAccessorImpl.invoke0(Native Method)
- java.base/jdk.internal.reflect.NativeMethodAccessorImpl.invoke(NativeMethodAccessorImpl.java:77)

classpath:examples/testSuite/uiTests/basicUITestScenarioOutline.feature:10
12:46:01.431 [main] DEBUG c.intuit.karate.driver.DriverOptions - >> {"id":9,"sessionId":"C0B9FF1D3DC58F34D4C847879C79747A","method":"Page.captureScreenshot"}
12:46:01.450 [nioEventLoopGroup-3-1] DEBUG c.intuit.karate.driver.DriverOptions - << {"method":"Page.frameResized","params":{},"sessionId":"C0B9FF1D3DC58F34D4C847879C79747A"}
12:46:01.452 [nioEventLoopGroup-3-1] DEBUG c.intuit.karate.driver.DriverOptions - << {"method":"Page.frameResized","params":{},"sessionId":"C0B9FF1D3DC58F34D4C847879C79747A"}
12:46:01.454 [nioEventLoopGroup-3-1] DEBUG c.intuit.karate.driver.DriverOptions - << {"method":"Target.targetCreated","params":{"targetInfo":{"targetId":"A82DBE8BA5DBBFDB0E77C02AD723EE08","type":"service_worker","title":"Service Worker https://www.saucedemo.com/service-worker.js","url":"https://www.saucedemo.com/service-worker.js","attached":false,"canAccessOpener":false,"browserContextId":"54F498BF845AC639AE7AA289B72EDDC3"}},"sessionId":"C0B9FF1D3DC58F34D4C847879C79747A"}
12:46:02.021 [nioEventLoopGroup-3-1] DEBUG c.intuit.karate.driver.DriverOptions - << {"id":9,"result":{"data":"iVBORw0KGgoAAAANSUhEUgAAB4AAAAOuCAYAAADmSwqTAAAAAXNSR0IArs4c6QAAIABJREFUeJzs3WlwXPd55/vf2fr0gp0ACYILQIKruFOiRMnaSEneY4/j2Lk1mSROxlM1t+qu82KqpmrezNs7t+4yUzfXcSqpcs114iWRbdnWZtmWKFISKYkgKXABVxA7iH3t7rPeFwcEBREbLUp0mt9PFV6o+9/n/M85zSqRPzzPY8RxHAsAAAAAAAAAAAAA8KkaHx+/68c07/oRAQAAAAAAAAAAAAD3BAEwAAAAAAAAAAAAAJQIAmAAAAAAAAAAAAAAKBEEwAAAAAAAAAAAAABQIgiAAQAAAAAAAAAAAKBEEAADAAAAAAAAAAAAQIkgAAYAAAAAAAAAAACAEkEADAAAAAAAAAAAAAAlggAYAAAAAAAAAAAAAH6PvfDCC8teSwAMAAAAAAAAAAAAAL+nboa/yw2BCYABAAAAAAAAAAAA4PfQR0Pf5YTABMAAAAAAAAAAAAAA8HtmobB3qRCYABgAAAAAAAAAAAAAfo8sFfIu9r4Rx3F8tzcEAAAAAAAAAAAAAFjc+Pj4XT8mFcAAAAAAAAAAAAAAUCIIgAEAAAAAAAAAAACgRBAAAwAAAAAAAAAAAECJIAAGAAAAAAAAAAAAgBJBAAwAAAAAAAAAAAAAJYIAGAAAAAAAAAAAAABKhH2vNwAAAAAAAAAAAAAA97NTp0597GPs3btXEhXAAAAAAAAAAAAAAFAyCIABAAAAAAAAAAAAoEQQAAMAAAAAAAAAAABAiSAABgAAAAAAAAAAAIASQQAMAAAAAAAAAAAAACWCABgAAAAAAAAAAAAASgQBMAAAAAAAAAAAAACUCAJgAAAAAAAAAAAAACgRBMAAAAAAAAAAAAAAUCIIgAEAAAAAAAAAAACgRBAAAwAAAAAAAAAAAECJIAAGAAAAAAAAAAAAgBJBAAwAAAAAAAAAAAAAJYIAGAAAAAAAAA ...
12:46:02.036 [main] DEBUG c.intuit.karate.driver.DriverOptions - >> {"id":10,"sessionId":"C0B9FF1D3DC58F34D4C847879C79747A","method":"Target.closeTarget","params":{"targetId":"B92038A79123B6B2F3AEAA2A3A5BC8AE"}}
12:46:02.049 [nioEventLoopGroup-3-1] DEBUG c.i.k.http.WebSocketClientHandler - websocket client disconnected
12:46:02.054 [main] DEBUG com.intuit.karate.shell.Command - closing command: chrome_1670742949762
12:46:02.175 [main] ERROR c.intuit.karate.core.FeatureRuntime - classpath:examples/testSuite/uiTests/basicUITestScenarioOutline.feature[2:39] dynamic expression evaluation failed: read('../uiTests/data/sauceuser.JSON')
]]></system-out>
  </testcase>
  <testcase name="testApi[1][3]" classname="examples.testSuite.uiTests.uiTestRunner" time="0.001">
    <failure message="result is neither list nor function: [type: BYTES, value: [B@3a3ed300]&#10;classpath:examples/testSuite/uiTests/basicUITestScenarioOutline.feature:39" type="org.opentest4j.AssertionFailedError">org.opentest4j.AssertionFailedError: 
result is neither list nor function: [type: BYTES, value: [B@3a3ed300]
classpath:examples/testSuite/uiTests/basicUITestScenarioOutline.feature:39
</failure>
  </testcase>
  <testcase name="testApi[1][4]" classname="examples.testSuite.uiTests.uiTestRunner" time="35.191">
    <failure message="js failed:&#10;&gt;&gt;&gt;&gt;&#10;01: input(&apos;#user-name&apos;, &lt;username&gt;)&#10;&lt;&lt;&lt;&lt;&#10;org.graalvm.polyglot.PolyglotException: SyntaxError: Unnamed:1:20 Expected an operand but found &lt;&#10;input(&apos;#user-name&apos;, &lt;username&gt;)&#10;                    ^&#10;&#10;- org.graalvm.polyglot.Context.eval(Context.java:425)&#10;- com.intuit.karate.graal.JsEngine.evalForValue(JsEngine.java:139)&#10;- com.intuit.karate.graal.JsEngine.eval(JsEngine.java:135)&#10;- com.intuit.karate.core.ScenarioEngine.evalJs(ScenarioEngine.java:1190)&#10;- com.intuit.karate.ScenarioActions.eval(ScenarioActions.java:388)&#10;- java.base/jdk.internal.reflect.NativeMethodAccessorImpl.invoke0(Native Method)&#10;- java.base/jdk.internal.reflect.NativeMethodAccessorImpl.invoke(NativeMethodAccessorImpl.java:77)&#10;&#10;classpath:examples/testSuite/uiTests/basicUITestScenarioOutline.feature:46" type="org.opentest4j.AssertionFailedError"><![CDATA[org.opentest4j.AssertionFailedError: 
js failed:
>>>>
01: input('#user-name', <username>)
<<<<
org.graalvm.polyglot.PolyglotException: SyntaxError: Unnamed:1:20 Expected an operand but found <
input('#user-name', <username>)
                    ^

- org.graalvm.polyglot.Context.eval(Context.java:425)
- com.intuit.karate.graal.JsEngine.evalForValue(JsEngine.java:139)
- com.intuit.karate.graal.JsEngine.eval(JsEngine.java:135)
- com.intuit.karate.core.ScenarioEngine.evalJs(ScenarioEngine.java:1190)
- com.intuit.karate.ScenarioActions.eval(ScenarioActions.java:388)
- java.base/jdk.internal.reflect.NativeMethodAccessorImpl.invoke0(Native Method)
- java.base/jdk.internal.reflect.NativeMethodAccessorImpl.invoke(NativeMethodAccessorImpl.java:77)

classpath:examples/testSuite/uiTests/basicUITestScenarioOutline.feature:46
]]></failure>
    <system-out><![CDATA[12:46:02.250 [main] INFO  com.intuit.karate - karate.env system property was: null 
12:46:02.257 [main] DEBUG com.intuit.karate.shell.Command - found / verified free local port: 64394
12:46:02.258 [main] WARN  c.intuit.karate.driver.DriverOptions - preferred port 9222 not available, will use: 64394
12:46:02.259 [main] DEBUG c.i.k.driver.chrome_1670742962254 - poll attempt #0 for port to be ready - localhost:64394
12:46:02.379 [chrome_1670742962254] DEBUG c.i.k.driver.chrome_1670742962254 - command: [C:\Program Files\Google\Chrome\Application\chrome.exe, --remote-debugging-port=64394, --no-first-run, --user-data-dir=D:\ATAGRT2022\Repo\gtr22-karate-demo\demo\target\chrome_1670742962254, --disable-popup-blocking], working dir: target\chrome_1670742962254
12:46:02.544 [main] DEBUG c.i.k.driver.chrome_1670742962254 - poll attempt #1 for port to be ready - localhost:64394
12:46:02.812 [main] DEBUG c.i.k.driver.chrome_1670742962254 - poll attempt #2 for port to be ready - localhost:64394
12:46:03.151 [main] DEBUG c.i.k.driver.chrome_1670742962254 - poll attempt #3 for port to be ready - localhost:64394
12:46:03.510 [main] DEBUG c.i.k.driver.chrome_1670742962254 - poll attempt #4 for port to be ready - localhost:64394
12:46:03.812 [main] DEBUG c.i.k.driver.chrome_1670742962254 - poll attempt #5 for port to be ready - localhost:64394
12:46:04.084 [main] DEBUG c.i.k.driver.chrome_1670742962254 - poll attempt #6 for port to be ready - localhost:64394
12:46:04.377 [main] DEBUG c.i.k.driver.chrome_1670742962254 - poll attempt #7 for port to be ready - localhost:64394
12:46:04.676 [main] DEBUG c.i.k.driver.chrome_1670742962254 - poll attempt #8 for port to be ready - localhost:64394
12:46:04.720 [chrome_1670742962254-out] DEBUG c.i.k.driver.chrome_1670742962254 - 
12:46:04.720 [chrome_1670742962254-out] DEBUG c.i.k.driver.chrome_1670742962254 - DevTools listening on ws://127.0.0.1:64394/devtools/browser/54ab82bd-f71b-48a5-b34a-38b4f93db60b
12:46:04.967 [main] DEBUG c.i.k.driver.chrome_1670742962254 - poll attempt #9 for port to be ready - localhost:64394
12:46:04.998 [main] DEBUG com.intuit.karate - request:
1 > GET http://localhost:64394/json
1 > Host: localhost:64394
1 > Connection: Keep-Alive
1 > User-Agent: Apache-HttpClient/4.5.13 (Java/17.0.4.1)
1 > Accept-Encoding: gzip,deflate


12:46:05.239 [main] DEBUG com.intuit.karate - response time in milliseconds: 240
1 < 200
1 < Content-Length: 386
1 < Content-Type: application/json; charset=UTF-8
[ {
   "description": "",
   "devtoolsFrontendUrl": "/devtools/inspector.html?ws=localhost:64394/devtools/page/607EE798CCEBB8E8855C594257FFC806",
   "id": "607EE798CCEBB8E8855C594257FFC806",
   "title": "",
   "type": "page",
   "url": "chrome://welcome/?variant=everywhere",
   "webSocketDebuggerUrl": "ws://localhost:64394/devtools/page/607EE798CCEBB8E8855C594257FFC806"
} ]


12:46:05.241 [main] DEBUG com.intuit.karate.shell.Command - ready to accept http connections after 253 ms - http://localhost:64394/json
12:46:05.243 [main] DEBUG com.intuit.karate - request:
1 > GET http://localhost:64394/json
1 > Host: localhost:64394
1 > Connection: Keep-Alive
1 > User-Agent: Apache-HttpClient/4.5.13 (Java/17.0.4.1)
1 > Accept-Encoding: gzip,deflate


12:46:05.446 [main] DEBUG com.intuit.karate - response time in milliseconds: 203
1 < 200
1 < Content-Length: 1286
1 < Content-Type: application/json; charset=UTF-8
[ {
   "description": "",
   "devtoolsFrontendUrl": "/devtools/inspector.html?ws=localhost:64394/devtools/page/29A3E7442CE1F132149A10FAF64463E2",
   "id": "29A3E7442CE1F132149A10FAF64463E2",
   "title": "Google Network Speech",
   "type": "background_page",
   "url": "chrome-extension://neajdppkdcdipfabeoofebfddakdcjhd/_generated_background_page.html",
   "webSocketDebuggerUrl": "ws://localhost:64394/devtools/page/29A3E7442CE1F132149A10FAF64463E2"
}, {
   "description": "",
   "devtoolsFrontendUrl": "/devtools/inspector.html?ws=localhost:64394/devtools/page/F32B084EC8B0AFD45F29B3086F9865C2",
   "id": "F32B084EC8B0AFD45F29B3086F9865C2",
   "title": "Google Hangouts",
   "type": "background_page",
   "url": "chrome-extension://nkeimhogjdpnpccoofpliimaahmaaome/background.html",
   "webSocketDebuggerUrl": "ws://localhost:64394/devtools/page/F32B084EC8B0AFD45F29B3086F9865C2"
}, {
   "description": "",
   "devtoolsFrontendUrl": "/devtools/inspector.html?ws=localhost:64394/devtools/page/607EE798CCEBB8E8855C594257FFC806",
   "id": "607EE798CCEBB8E8855C594257FFC806",
   "title": "",
   "type": "page",
   "url": "chrome://welcome/?variant=everywhere",
   "webSocketDebuggerUrl": "ws://localhost:64394/devtools/page/607EE798CCEBB8E8855C594257FFC806"
} ]


12:46:05.448 [main] DEBUG c.intuit.karate.driver.DriverOptions - root frame id: 607EE798CCEBB8E8855C594257FFC806
12:46:05.777 [nioEventLoopGroup-4-1] DEBUG c.i.k.http.WebSocketClientHandler - websocket client connected
12:46:05.778 [main] DEBUG c.intuit.karate.driver.DriverOptions - >> {"id":1,"method":"Target.attachToTarget","params":{"targetId":"607EE798CCEBB8E8855C594257FFC806","flatten":true}}
12:46:05.851 [nioEventLoopGroup-4-1] DEBUG c.intuit.karate.driver.DriverOptions - << {"method":"Target.attachedToTarget","params":{"sessionId":"BFD7A7C4184F1D77EFD16FAC7F79BB81","targetInfo":{"targetId":"607EE798CCEBB8E8855C594257FFC806","type":"page","title":"","url":"chrome://welcome/?variant=everywhere","attached":true,"canAccessOpener":false,"browserContextId":"CA2B116E4DA7C2F69C4B14FAC98587AC"},"waitingForDebugger":false}}
12:46:05.855 [nioEventLoopGroup-4-1] DEBUG c.intuit.karate.driver.DriverOptions - << {"id":1,"result":{"sessionId":"BFD7A7C4184F1D77EFD16FAC7F79BB81"}}
12:46:05.859 [main] DEBUG c.intuit.karate.driver.DriverOptions - >> {"id":2,"sessionId":"BFD7A7C4184F1D77EFD16FAC7F79BB81","method":"Target.activateTarget","params":{"targetId":"607EE798CCEBB8E8855C594257FFC806"}}
12:46:05.991 [nioEventLoopGroup-4-1] DEBUG c.intuit.karate.driver.DriverOptions - << {"id":2,"result":{},"sessionId":"BFD7A7C4184F1D77EFD16FAC7F79BB81"}
12:46:05.994 [main] DEBUG c.intuit.karate.driver.DriverOptions - >> {"id":3,"sessionId":"BFD7A7C4184F1D77EFD16FAC7F79BB81","method":"Target.setDiscoverTargets","params":{"discover":true}}
12:46:06.075 [nioEventLoopGroup-4-1] DEBUG c.intuit.karate.driver.DriverOptions - << {"method":"Target.targetCreated","params":{"targetInfo":{"targetId":"29A3E7442CE1F132149A10FAF64463E2","type":"background_page","title":"Google Network Speech","url":"chrome-extension://neajdppkdcdipfabeoofebfddakdcjhd/_generated_background_page.html","attached":false,"canAccessOpener":false,"browserContextId":"CA2B116E4DA7C2F69C4B14FAC98587AC"}},"sessionId":"BFD7A7C4184F1D77EFD16FAC7F79BB81"}
12:46:06.075 [nioEventLoopGroup-4-1] DEBUG c.intuit.karate.driver.DriverOptions - << {"method":"Target.targetCreated","params":{"targetInfo":{"targetId":"607EE798CCEBB8E8855C594257FFC806","type":"page","title":"Welcome to Chrome","url":"chrome://welcome/?variant=everywhere","attached":true,"canAccessOpener":false,"browserContextId":"CA2B116E4DA7C2F69C4B14FAC98587AC"}},"sessionId":"BFD7A7C4184F1D77EFD16FAC7F79BB81"}
12:46:06.076 [nioEventLoopGroup-4-1] DEBUG c.intuit.karate.driver.DriverOptions - << {"method":"Target.targetCreated","params":{"targetInfo":{"targetId":"F32B084EC8B0AFD45F29B3086F9865C2","type":"background_page","title":"Google Hangouts","url":"chrome-extension://nkeimhogjdpnpccoofpliimaahmaaome/background.html","attached":false,"canAccessOpener":false,"browserContextId":"CA2B116E4DA7C2F69C4B14FAC98587AC"}},"sessionId":"BFD7A7C4184F1D77EFD16FAC7F79BB81"}
12:46:06.077 [nioEventLoopGroup-4-1] DEBUG c.intuit.karate.driver.DriverOptions - << {"id":3,"result":{},"sessionId":"BFD7A7C4184F1D77EFD16FAC7F79BB81"}
12:46:06.078 [main] DEBUG c.intuit.karate.driver.DriverOptions - >> {"id":4,"sessionId":"BFD7A7C4184F1D77EFD16FAC7F79BB81","method":"Page.enable"}
12:46:06.240 [nioEventLoopGroup-4-1] DEBUG c.intuit.karate.driver.DriverOptions - << {"method":"Target.targetInfoChanged","params":{"targetInfo":{"targetId":"F32B084EC8B0AFD45F29B3086F9865C2","type":"background_page","title":"Google Hangouts","url":"chrome-extension://nkeimhogjdpnpccoofpliimaahmaaome/background.html","attached":false,"canAccessOpener":false,"browserContextId":"CA2B116E4DA7C2F69C4B14FAC98587AC"}},"sessionId":"BFD7A7C4184F1D77EFD16FAC7F79BB81"}
12:46:06.365 [nioEventLoopGroup-4-1] DEBUG c.intuit.karate.driver.DriverOptions - << {"method":"Target.targetInfoChanged","params":{"targetInfo":{"targetId":"29A3E7442CE1F132149A10FAF64463E2","type":"background_page","title":"Google Network Speech","url":"chrome-extension://neajdppkdcdipfabeoofebfddakdcjhd/_generated_background_page.html","attached":false,"canAccessOpener":false,"browserContextId":"CA2B116E4DA7C2F69C4B14FAC98587AC"}},"sessionId":"BFD7A7C4184F1D77EFD16FAC7F79BB81"}
12:46:06.540 [nioEventLoopGroup-4-1] DEBUG c.intuit.karate.driver.DriverOptions - << {"id":4,"result":{},"sessionId":"BFD7A7C4184F1D77EFD16FAC7F79BB81"}
12:46:06.541 [main] DEBUG c.intuit.karate.driver.DriverOptions - >> {"id":5,"sessionId":"BFD7A7C4184F1D77EFD16FAC7F79BB81","method":"Runtime.enable"}
12:46:06.624 [nioEventLoopGroup-4-1] DEBUG c.intuit.karate.driver.DriverOptions - << {"method":"Runtime.executionContextCreated","params":{"context":{"id":1,"origin":"chrome://welcome","name":"","uniqueId":"-5173813904590492499.2276467232496269396","auxData":{"isDefault":true,"type":"default","frameId":"607EE798CCEBB8E8855C594257FFC806"}}},"sessionId":"BFD7A7C4184F1D77EFD16FAC7F79BB81"}
12:46:06.625 [nioEventLoopGroup-4-1] DEBUG c.intuit.karate.driver.DriverOptions - << {"id":5,"result":{},"sessionId":"BFD7A7C4184F1D77EFD16FAC7F79BB81"}
12:46:06.626 [main] DEBUG c.intuit.karate.driver.DriverOptions - >> {"id":6,"sessionId":"BFD7A7C4184F1D77EFD16FAC7F79BB81","method":"Browser.getWindowForTarget","params":{"targetId":"607EE798CCEBB8E8855C594257FFC806"}}
12:46:06.671 [nioEventLoopGroup-4-1] DEBUG c.intuit.karate.driver.DriverOptions - << {"id":6,"result":{"windowId":1628953100,"bounds":{"left":9,"top":9,"width":1051,"height":806,"windowState":"normal"}},"sessionId":"BFD7A7C4184F1D77EFD16FAC7F79BB81"}
12:46:06.836 [main] DEBUG c.intuit.karate.driver.DriverOptions - >> {"id":7,"sessionId":"BFD7A7C4184F1D77EFD16FAC7F79BB81","method":"Page.navigate","params":{"url":"https:\/\/www.saucedemo.com\/"}}
12:46:06.968 [nioEventLoopGroup-4-1] DEBUG c.intuit.karate.driver.DriverOptions - << {"method":"Target.targetInfoChanged","params":{"targetInfo":{"targetId":"607EE798CCEBB8E8855C594257FFC806","type":"page","title":"Welcome to Chrome","url":"chrome://welcome/","attached":true,"canAccessOpener":false,"browserContextId":"CA2B116E4DA7C2F69C4B14FAC98587AC"}},"sessionId":"BFD7A7C4184F1D77EFD16FAC7F79BB81"}
12:46:07.216 [nioEventLoopGroup-4-1] DEBUG c.intuit.karate.driver.DriverOptions - << {"method":"Page.navigatedWithinDocument","params":{"frameId":"607EE798CCEBB8E8855C594257FFC806","url":"chrome://welcome/"},"sessionId":"BFD7A7C4184F1D77EFD16FAC7F79BB81"}
12:46:07.217 [nioEventLoopGroup-4-1] DEBUG c.intuit.karate.driver.DriverOptions - << {"method":"Page.domContentEventFired","params":{"timestamp":681430.250613},"sessionId":"BFD7A7C4184F1D77EFD16FAC7F79BB81"}
12:46:07.219 [main] DEBUG c.intuit.karate.driver.DriverOptions - >> {"id":8,"sessionId":"BFD7A7C4184F1D77EFD16FAC7F79BB81","method":"Browser.setWindowBounds","params":{"windowId":1628953100,"bounds":{"windowState":"maximized"}}}
12:46:07.424 [nioEventLoopGroup-4-1] DEBUG c.intuit.karate.driver.DriverOptions - << {"id":8,"result":{},"sessionId":"BFD7A7C4184F1D77EFD16FAC7F79BB81"}
12:46:07.430 [main] ERROR com.intuit.karate - classpath:examples/testSuite/uiTests/basicUITestScenarioOutline.feature:46
And input('#user-name', <username>)
js failed:
>>>>
01: input('#user-name', <username>)
<<<<
org.graalvm.polyglot.PolyglotException: SyntaxError: Unnamed:1:20 Expected an operand but found <
input('#user-name', <username>)
                    ^

- org.graalvm.polyglot.Context.eval(Context.java:425)
- com.intuit.karate.graal.JsEngine.evalForValue(JsEngine.java:139)
- com.intuit.karate.graal.JsEngine.eval(JsEngine.java:135)
- com.intuit.karate.core.ScenarioEngine.evalJs(ScenarioEngine.java:1190)
- com.intuit.karate.ScenarioActions.eval(ScenarioActions.java:388)
- java.base/jdk.internal.reflect.NativeMethodAccessorImpl.invoke0(Native Method)
- java.base/jdk.internal.reflect.NativeMethodAccessorImpl.invoke(NativeMethodAccessorImpl.java:77)

classpath:examples/testSuite/uiTests/basicUITestScenarioOutline.feature:46
12:46:07.431 [main] DEBUG c.intuit.karate.driver.DriverOptions - >> {"id":9,"sessionId":"BFD7A7C4184F1D77EFD16FAC7F79BB81","method":"Page.captureScreenshot"}
12:46:07.771 [nioEventLoopGroup-4-1] DEBUG c.intuit.karate.driver.DriverOptions - << {"id":7,"result":{"frameId":"607EE798CCEBB8E8855C594257FFC806","loaderId":"77C2429E5823824F62EE0C57E5FB5A23"},"sessionId":"BFD7A7C4184F1D77EFD16FAC7F79BB81"}
12:46:07.779 [nioEventLoopGroup-4-1] DEBUG c.intuit.karate.driver.DriverOptions - << {"method":"Runtime.executionContextsCleared","params":{},"sessionId":"BFD7A7C4184F1D77EFD16FAC7F79BB81"}
12:46:07.782 [nioEventLoopGroup-4-1] DEBUG c.intuit.karate.driver.DriverOptions - << {"method":"Page.frameStartedLoading","params":{"frameId":"607EE798CCEBB8E8855C594257FFC806"},"sessionId":"BFD7A7C4184F1D77EFD16FAC7F79BB81"}
12:46:07.789 [nioEventLoopGroup-4-1] DEBUG c.intuit.karate.driver.DriverOptions - << {"method":"Target.targetInfoChanged","params":{"targetInfo":{"targetId":"607EE798CCEBB8E8855C594257FFC806","type":"page","title":"https://www.saucedemo.com","url":"https://www.saucedemo.com/","attached":true,"canAccessOpener":false,"browserContextId":"CA2B116E4DA7C2F69C4B14FAC98587AC"}},"sessionId":"BFD7A7C4184F1D77EFD16FAC7F79BB81"}
12:46:07.791 [nioEventLoopGroup-4-1] DEBUG c.intuit.karate.driver.DriverOptions - << {"method":"Runtime.executionContextsCleared","params":{},"sessionId":"BFD7A7C4184F1D77EFD16FAC7F79BB81"}
12:46:07.792 [nioEventLoopGroup-4-1] DEBUG c.intuit.karate.driver.DriverOptions - << {"method":"Page.frameNavigated","params":{"frame":{"id":"607EE798CCEBB8E8855C594257FFC806","loaderId":"77C2429E5823824F62EE0C57E5FB5A23","url":"https://www.saucedemo.com/","domainAndRegistry":"saucedemo.com","securityOrigin":"https://www.saucedemo.com","mimeType":"text/html","adFrameStatus":{"adFrameType":"none"},"secureContextType":"Secure","crossOriginIsolatedContextType":"NotIsolated","gatedAPIFeatures":[]},"type":"Navigation"},"sessionId":"BFD7A7C4184F1D77EFD16FAC7F79BB81"}
12:46:07.793 [nioEventLoopGroup-4-1] DEBUG c.intuit.karate.driver.DriverOptions - << {"method":"Runtime.executionContextCreated","params":{"context":{"id":1,"origin":"https://www.saucedemo.com","name":"","uniqueId":"1270612225620795412.828004238608292021","auxData":{"isDefault":true,"type":"default","frameId":"607EE798CCEBB8E8855C594257FFC806"}}},"sessionId":"BFD7A7C4184F1D77EFD16FAC7F79BB81"}
12:46:07.794 [nioEventLoopGroup-4-1] DEBUG c.intuit.karate.driver.DriverOptions - << {"method":"Page.frameResized","params":{},"sessionId":"BFD7A7C4184F1D77EFD16FAC7F79BB81"}
12:46:08.373 [chrome_1670742962254-out] DEBUG c.i.k.driver.chrome_1670742962254 - [42620:26232:1211/124608.373:ERROR:device_event_log_impl.cc(215)] [12:46:08.374] USB: usb_device_handle_win.cc:1045 Failed to read descriptor from node connection: A device attached to the system is not functioning. (0x1F)
12:46:08.460 [chrome_1670742962254-out] DEBUG c.i.k.driver.chrome_1670742962254 - [42620:26232:1211/124608.460:ERROR:device_event_log_impl.cc(215)] [12:46:08.460] USB: usb_device_handle_win.cc:1045 Failed to read descriptor from node connection: A device attached to the system is not functioning. (0x1F)
12:46:08.460 [chrome_1670742962254-out] DEBUG c.i.k.driver.chrome_1670742962254 - [42620:26232:1211/124608.460:ERROR:device_event_log_impl.cc(215)] [12:46:08.460] USB: usb_device_handle_win.cc:1045 Failed to read descriptor from node connection: A device attached to the system is not functioning. (0x1F)
12:46:08.925 [nioEventLoopGroup-4-1] DEBUG c.intuit.karate.driver.DriverOptions - << {"method":"Page.domContentEventFired","params":{"timestamp":681431.916174},"sessionId":"BFD7A7C4184F1D77EFD16FAC7F79BB81"}
12:46:09.016 [nioEventLoopGroup-4-1] DEBUG c.intuit.karate.driver.DriverOptions - << {"method":"Page.loadEventFired","params":{"timestamp":681432.038936},"sessionId":"BFD7A7C4184F1D77EFD16FAC7F79BB81"}
12:46:09.018 [nioEventLoopGroup-4-1] DEBUG c.intuit.karate.driver.DriverOptions - << {"method":"Page.frameStoppedLoading","params":{"frameId":"607EE798CCEBB8E8855C594257FFC806"},"sessionId":"BFD7A7C4184F1D77EFD16FAC7F79BB81"}
12:46:09.217 [nioEventLoopGroup-4-1] DEBUG c.intuit.karate.driver.DriverOptions - << {"method":"Target.targetCreated","params":{"targetInfo":{"targetId":"8146BF4F219CD7356370601737067EE2","type":"service_worker","title":"Service Worker https://www.saucedemo.com/service-worker.js","url":"https://www.saucedemo.com/service-worker.js","attached":false,"canAccessOpener":false,"browserContextId":"CA2B116E4DA7C2F69C4B14FAC98587AC"}},"sessionId":"BFD7A7C4184F1D77EFD16FAC7F79BB81"}
12:46:10.945 [nioEventLoopGroup-4-1] DEBUG c.intuit.karate.driver.DriverOptions - << {"method":"Runtime.consoleAPICalled","params":{"type":"log","args":[{"type":"string","value":"Content is cached for offline use."}],"executionContextId":1,"timestamp":1.670742970897179e+12,"stackTrace":{"callFrames":[{"functionName":"a.onstatechange","scriptId":"6","url":"https://www.saucedemo.com/static/js/main.3db41035.chunk.js","lineNumber":0,"columnNumber":47187}]}},"sessionId":"BFD7A7C4184F1D77EFD16FAC7F79BB81"}
12:46:10.947 [nioEventLoopGroup-4-1] DEBUG c.intuit.karate.driver.DriverOptions - [console] Content is cached for offline use.
12:46:15.356 [chrome_1670742949762] WARN  com.intuit.karate.shell.Command - exit code was non-zero: 1 - [C:\Program Files\Google\Chrome\Application\chrome.exe, --remote-debugging-port=64351, --no-first-run, --user-data-dir=D:\ATAGRT2022\Repo\gtr22-karate-demo\demo\target\chrome_1670742949762, --disable-popup-blocking] working dir: target\chrome_1670742949762
12:46:19.301 [nioEventLoopGroup-4-1] DEBUG c.intuit.karate.driver.DriverOptions - << {"method":"Target.targetCreated","params":{"targetInfo":{"targetId":"E474A24BF6F97A5EA0379AD1FDF6BC30","type":"app","title":"Chrome Web Store Payments","url":"","attached":false,"canAccessOpener":false,"browserContextId":"CA2B116E4DA7C2F69C4B14FAC98587AC"}},"sessionId":"BFD7A7C4184F1D77EFD16FAC7F79BB81"}
12:46:19.302 [nioEventLoopGroup-4-1] DEBUG c.intuit.karate.driver.DriverOptions - << {"method":"Target.targetDestroyed","params":{"targetId":"8146BF4F219CD7356370601737067EE2"},"sessionId":"BFD7A7C4184F1D77EFD16FAC7F79BB81"}
12:46:19.531 [nioEventLoopGroup-4-1] DEBUG c.intuit.karate.driver.DriverOptions - << {"method":"Target.targetInfoChanged","params":{"targetInfo":{"targetId":"E474A24BF6F97A5EA0379AD1FDF6BC30","type":"background_page","title":"Chrome Web Store Payments","url":"chrome-extension://nmmhkkegccagdldgiimedpiccmgmieda/_generated_background_page.html","attached":false,"canAccessOpener":false,"browserContextId":"CA2B116E4DA7C2F69C4B14FAC98587AC"}},"sessionId":"BFD7A7C4184F1D77EFD16FAC7F79BB81"}
12:46:19.986 [nioEventLoopGroup-4-1] DEBUG c.intuit.karate.driver.DriverOptions - << {"method":"Target.targetCreated","params":{"targetInfo":{"targetId":"8AA358EBBEA99C54CF574BF957686245","type":"other","title":"","url":"","attached":false,"canAccessOpener":false,"browserContextId":"CA2B116E4DA7C2F69C4B14FAC98587AC"}},"sessionId":"BFD7A7C4184F1D77EFD16FAC7F79BB81"}
12:46:20.178 [nioEventLoopGroup-4-1] DEBUG c.intuit.karate.driver.DriverOptions - << {"method":"Target.targetInfoChanged","params":{"targetInfo":{"targetId":"8AA358EBBEA99C54CF574BF957686245","type":"background_page","title":"Google Docs Offline","url":"chrome-extension://ghbmnnjooekpmoecnnnilnnbdlolhkhi/_generated_background_page.html","attached":false,"canAccessOpener":false,"browserContextId":"CA2B116E4DA7C2F69C4B14FAC98587AC"}},"sessionId":"BFD7A7C4184F1D77EFD16FAC7F79BB81"}
12:46:21.373 [nioEventLoopGroup-4-1] DEBUG c.intuit.karate.driver.DriverOptions - << {"method":"Target.targetDestroyed","params":{"targetId":"F32B084EC8B0AFD45F29B3086F9865C2"},"sessionId":"BFD7A7C4184F1D77EFD16FAC7F79BB81"}
12:46:21.472 [nioEventLoopGroup-4-1] DEBUG c.intuit.karate.driver.DriverOptions - << {"method":"Target.targetDestroyed","params":{"targetId":"29A3E7442CE1F132149A10FAF64463E2"},"sessionId":"BFD7A7C4184F1D77EFD16FAC7F79BB81"}
12:46:34.699 [nioEventLoopGroup-4-1] DEBUG c.intuit.karate.driver.DriverOptions - << {"method":"Target.targetDestroyed","params":{"targetId":"E474A24BF6F97A5EA0379AD1FDF6BC30"},"sessionId":"BFD7A7C4184F1D77EFD16FAC7F79BB81"}
12:46:35.282 [nioEventLoopGroup-4-1] DEBUG c.intuit.karate.driver.DriverOptions - << {"method":"Target.targetDestroyed","params":{"targetId":"8AA358EBBEA99C54CF574BF957686245"},"sessionId":"BFD7A7C4184F1D77EFD16FAC7F79BB81"}
12:46:37.471 [main] ERROR c.intuit.karate.driver.DriverOptions - << timed out after milliseconds: 30000 - [id: 9, sessionId: BFD7A7C4184F1D77EFD16FAC7F79BB81, method: Page.captureScreenshot]
12:46:37.476 [main] ERROR c.intuit.karate.driver.DriverOptions - screenshot failed: failed to get reply for: [id: 9, sessionId: BFD7A7C4184F1D77EFD16FAC7F79BB81, method: Page.captureScreenshot]
12:46:37.482 [main] DEBUG c.intuit.karate.driver.DriverOptions - >> {"id":10,"sessionId":"BFD7A7C4184F1D77EFD16FAC7F79BB81","method":"Target.closeTarget","params":{"targetId":"607EE798CCEBB8E8855C594257FFC806"}}
12:46:37.527 [nioEventLoopGroup-4-1] DEBUG c.i.k.http.WebSocketClientHandler - websocket client disconnected
12:46:37.533 [main] DEBUG com.intuit.karate.shell.Command - closing command: chrome_1670742962254
]]></system-out>
  </testcase>
  <testcase name="testApi[1][5]" classname="examples.testSuite.uiTests.uiTestRunner" time="12.747">
    <failure message="js failed:&#10;&gt;&gt;&gt;&gt;&#10;01: input(&apos;#user-name&apos;, &lt;username&gt;)&#10;&lt;&lt;&lt;&lt;&#10;org.graalvm.polyglot.PolyglotException: SyntaxError: Unnamed:1:20 Expected an operand but found &lt;&#10;input(&apos;#user-name&apos;, &lt;username&gt;)&#10;                    ^&#10;&#10;- org.graalvm.polyglot.Context.eval(Context.java:425)&#10;- com.intuit.karate.graal.JsEngine.evalForValue(JsEngine.java:139)&#10;- com.intuit.karate.graal.JsEngine.eval(JsEngine.java:135)&#10;- com.intuit.karate.core.ScenarioEngine.evalJs(ScenarioEngine.java:1190)&#10;- com.intuit.karate.ScenarioActions.eval(ScenarioActions.java:388)&#10;- java.base/jdk.internal.reflect.NativeMethodAccessorImpl.invoke0(Native Method)&#10;- java.base/jdk.internal.reflect.NativeMethodAccessorImpl.invoke(NativeMethodAccessorImpl.java:77)&#10;&#10;classpath:examples/testSuite/uiTests/basicUITestScenarioOutline.feature:46" type="org.opentest4j.AssertionFailedError"><![CDATA[org.opentest4j.AssertionFailedError: 
js failed:
>>>>
01: input('#user-name', <username>)
<<<<
org.graalvm.polyglot.PolyglotException: SyntaxError: Unnamed:1:20 Expected an operand but found <
input('#user-name', <username>)
                    ^

- org.graalvm.polyglot.Context.eval(Context.java:425)
- com.intuit.karate.graal.JsEngine.evalForValue(JsEngine.java:139)
- com.intuit.karate.graal.JsEngine.eval(JsEngine.java:135)
- com.intuit.karate.core.ScenarioEngine.evalJs(ScenarioEngine.java:1190)
- com.intuit.karate.ScenarioActions.eval(ScenarioActions.java:388)
- java.base/jdk.internal.reflect.NativeMethodAccessorImpl.invoke0(Native Method)
- java.base/jdk.internal.reflect.NativeMethodAccessorImpl.invoke(NativeMethodAccessorImpl.java:77)

classpath:examples/testSuite/uiTests/basicUITestScenarioOutline.feature:46
]]></failure>
    <system-out><![CDATA[12:46:37.556 [main] INFO  com.intuit.karate - karate.env system property was: null 
12:46:37.566 [main] DEBUG com.intuit.karate.shell.Command - found / verified free local port: 64441
12:46:37.567 [main] WARN  c.intuit.karate.driver.DriverOptions - preferred port 9222 not available, will use: 64441
12:46:37.576 [main] DEBUG c.i.k.driver.chrome_1670742997565 - poll attempt #0 for port to be ready - localhost:64441
12:46:37.716 [chrome_1670742997565] DEBUG c.i.k.driver.chrome_1670742997565 - command: [C:\Program Files\Google\Chrome\Application\chrome.exe, --remote-debugging-port=64441, --no-first-run, --user-data-dir=D:\ATAGRT2022\Repo\gtr22-karate-demo\demo\target\chrome_1670742997565, --disable-popup-blocking], working dir: target\chrome_1670742997565
12:46:37.859 [main] DEBUG c.i.k.driver.chrome_1670742997565 - poll attempt #1 for port to be ready - localhost:64441
12:46:38.137 [main] DEBUG c.i.k.driver.chrome_1670742997565 - poll attempt #2 for port to be ready - localhost:64441
12:46:38.419 [main] DEBUG c.i.k.driver.chrome_1670742997565 - poll attempt #3 for port to be ready - localhost:64441
12:46:38.892 [main] DEBUG c.i.k.driver.chrome_1670742997565 - poll attempt #4 for port to be ready - localhost:64441
12:46:39.228 [main] DEBUG c.i.k.driver.chrome_1670742997565 - poll attempt #5 for port to be ready - localhost:64441
12:46:39.518 [main] DEBUG c.i.k.driver.chrome_1670742997565 - poll attempt #6 for port to be ready - localhost:64441
12:46:39.824 [main] DEBUG c.i.k.driver.chrome_1670742997565 - poll attempt #7 for port to be ready - localhost:64441
12:46:40.145 [main] DEBUG c.i.k.driver.chrome_1670742997565 - poll attempt #8 for port to be ready - localhost:64441
12:46:40.471 [main] DEBUG c.i.k.driver.chrome_1670742997565 - poll attempt #9 for port to be ready - localhost:64441
12:46:40.816 [main] DEBUG c.i.k.driver.chrome_1670742997565 - poll attempt #10 for port to be ready - localhost:64441
12:46:40.975 [chrome_1670742997565-out] DEBUG c.i.k.driver.chrome_1670742997565 - 
12:46:40.975 [chrome_1670742997565-out] DEBUG c.i.k.driver.chrome_1670742997565 - DevTools listening on ws://127.0.0.1:64441/devtools/browser/5d4aa66b-3e23-4623-8ee2-5e32f856bcb1
12:46:41.113 [main] DEBUG c.i.k.driver.chrome_1670742997565 - poll attempt #11 for port to be ready - localhost:64441
12:46:41.132 [main] DEBUG com.intuit.karate - request:
1 > GET http://localhost:64441/json
1 > Host: localhost:64441
1 > Connection: Keep-Alive
1 > User-Agent: Apache-HttpClient/4.5.13 (Java/17.0.4.1)
1 > Accept-Encoding: gzip,deflate


12:46:41.478 [main] DEBUG com.intuit.karate - response time in milliseconds: 345
1 < 200
1 < Content-Length: 386
1 < Content-Type: application/json; charset=UTF-8
[ {
   "description": "",
   "devtoolsFrontendUrl": "/devtools/inspector.html?ws=localhost:64441/devtools/page/1DB9AA4734473415A8EEFC6CDBD32F55",
   "id": "1DB9AA4734473415A8EEFC6CDBD32F55",
   "title": "",
   "type": "page",
   "url": "chrome://welcome/?variant=everywhere",
   "webSocketDebuggerUrl": "ws://localhost:64441/devtools/page/1DB9AA4734473415A8EEFC6CDBD32F55"
} ]


12:46:41.479 [main] DEBUG com.intuit.karate.shell.Command - ready to accept http connections after 355 ms - http://localhost:64441/json
12:46:41.480 [main] DEBUG com.intuit.karate - request:
1 > GET http://localhost:64441/json
1 > Host: localhost:64441
1 > Connection: Keep-Alive
1 > User-Agent: Apache-HttpClient/4.5.13 (Java/17.0.4.1)
1 > Accept-Encoding: gzip,deflate


12:46:41.749 [main] DEBUG com.intuit.karate - response time in milliseconds: 269
1 < 200
1 < Content-Length: 1286
1 < Content-Type: application/json; charset=UTF-8
[ {
   "description": "",
   "devtoolsFrontendUrl": "/devtools/inspector.html?ws=localhost:64441/devtools/page/123DE2D33CA8A7C768C042991E0CD7FC",
   "id": "123DE2D33CA8A7C768C042991E0CD7FC",
   "title": "Google Network Speech",
   "type": "background_page",
   "url": "chrome-extension://neajdppkdcdipfabeoofebfddakdcjhd/_generated_background_page.html",
   "webSocketDebuggerUrl": "ws://localhost:64441/devtools/page/123DE2D33CA8A7C768C042991E0CD7FC"
}, {
   "description": "",
   "devtoolsFrontendUrl": "/devtools/inspector.html?ws=localhost:64441/devtools/page/4ACCAFB09B94CCC972F7206124088B18",
   "id": "4ACCAFB09B94CCC972F7206124088B18",
   "title": "Google Hangouts",
   "type": "background_page",
   "url": "chrome-extension://nkeimhogjdpnpccoofpliimaahmaaome/background.html",
   "webSocketDebuggerUrl": "ws://localhost:64441/devtools/page/4ACCAFB09B94CCC972F7206124088B18"
}, {
   "description": "",
   "devtoolsFrontendUrl": "/devtools/inspector.html?ws=localhost:64441/devtools/page/1DB9AA4734473415A8EEFC6CDBD32F55",
   "id": "1DB9AA4734473415A8EEFC6CDBD32F55",
   "title": "",
   "type": "page",
   "url": "chrome://welcome/?variant=everywhere",
   "webSocketDebuggerUrl": "ws://localhost:64441/devtools/page/1DB9AA4734473415A8EEFC6CDBD32F55"
} ]


12:46:41.751 [main] DEBUG c.intuit.karate.driver.DriverOptions - root frame id: 1DB9AA4734473415A8EEFC6CDBD32F55
12:46:41.998 [nioEventLoopGroup-5-1] DEBUG c.i.k.http.WebSocketClientHandler - websocket client connected
12:46:42.000 [main] DEBUG c.intuit.karate.driver.DriverOptions - >> {"id":1,"method":"Target.attachToTarget","params":{"targetId":"1DB9AA4734473415A8EEFC6CDBD32F55","flatten":true}}
12:46:42.005 [nioEventLoopGroup-5-1] DEBUG c.intuit.karate.driver.DriverOptions - << {"method":"Target.attachedToTarget","params":{"sessionId":"9A6F46B36443456B6B4A8ECF72D3187A","targetInfo":{"targetId":"1DB9AA4734473415A8EEFC6CDBD32F55","type":"page","title":"Welcome to Chrome","url":"chrome://welcome/?variant=everywhere","attached":true,"canAccessOpener":false,"browserContextId":"FE5DCC54B853882F24B13846D85A28DF"},"waitingForDebugger":false}}
12:46:42.006 [nioEventLoopGroup-5-1] DEBUG c.intuit.karate.driver.DriverOptions - << {"id":1,"result":{"sessionId":"9A6F46B36443456B6B4A8ECF72D3187A"}}
12:46:42.007 [main] DEBUG c.intuit.karate.driver.DriverOptions - >> {"id":2,"sessionId":"9A6F46B36443456B6B4A8ECF72D3187A","method":"Target.activateTarget","params":{"targetId":"1DB9AA4734473415A8EEFC6CDBD32F55"}}
12:46:42.013 [nioEventLoopGroup-5-1] DEBUG c.intuit.karate.driver.DriverOptions - << {"id":2,"result":{},"sessionId":"9A6F46B36443456B6B4A8ECF72D3187A"}
12:46:42.014 [main] DEBUG c.intuit.karate.driver.DriverOptions - >> {"id":3,"sessionId":"9A6F46B36443456B6B4A8ECF72D3187A","method":"Target.setDiscoverTargets","params":{"discover":true}}
12:46:42.016 [nioEventLoopGroup-5-1] DEBUG c.intuit.karate.driver.DriverOptions - << {"method":"Target.targetCreated","params":{"targetInfo":{"targetId":"123DE2D33CA8A7C768C042991E0CD7FC","type":"background_page","title":"Google Network Speech","url":"chrome-extension://neajdppkdcdipfabeoofebfddakdcjhd/_generated_background_page.html","attached":false,"canAccessOpener":false,"browserContextId":"FE5DCC54B853882F24B13846D85A28DF"}},"sessionId":"9A6F46B36443456B6B4A8ECF72D3187A"}
12:46:42.018 [nioEventLoopGroup-5-1] DEBUG c.intuit.karate.driver.DriverOptions - << {"method":"Target.targetCreated","params":{"targetInfo":{"targetId":"1DB9AA4734473415A8EEFC6CDBD32F55","type":"page","title":"Welcome to Chrome","url":"chrome://welcome/?variant=everywhere","attached":true,"canAccessOpener":false,"browserContextId":"FE5DCC54B853882F24B13846D85A28DF"}},"sessionId":"9A6F46B36443456B6B4A8ECF72D3187A"}
12:46:42.019 [nioEventLoopGroup-5-1] DEBUG c.intuit.karate.driver.DriverOptions - << {"method":"Target.targetCreated","params":{"targetInfo":{"targetId":"4ACCAFB09B94CCC972F7206124088B18","type":"background_page","title":"Google Hangouts","url":"chrome-extension://nkeimhogjdpnpccoofpliimaahmaaome/background.html","attached":false,"canAccessOpener":false,"browserContextId":"FE5DCC54B853882F24B13846D85A28DF"}},"sessionId":"9A6F46B36443456B6B4A8ECF72D3187A"}
12:46:42.021 [nioEventLoopGroup-5-1] DEBUG c.intuit.karate.driver.DriverOptions - << {"id":3,"result":{},"sessionId":"9A6F46B36443456B6B4A8ECF72D3187A"}
12:46:42.021 [main] DEBUG c.intuit.karate.driver.DriverOptions - >> {"id":4,"sessionId":"9A6F46B36443456B6B4A8ECF72D3187A","method":"Page.enable"}
12:46:42.227 [nioEventLoopGroup-5-1] DEBUG c.intuit.karate.driver.DriverOptions - << {"method":"Target.targetInfoChanged","params":{"targetInfo":{"targetId":"4ACCAFB09B94CCC972F7206124088B18","type":"background_page","title":"Google Hangouts","url":"chrome-extension://nkeimhogjdpnpccoofpliimaahmaaome/background.html","attached":false,"canAccessOpener":false,"browserContextId":"FE5DCC54B853882F24B13846D85A28DF"}},"sessionId":"9A6F46B36443456B6B4A8ECF72D3187A"}
12:46:42.539 [nioEventLoopGroup-5-1] DEBUG c.intuit.karate.driver.DriverOptions - << {"method":"Target.targetInfoChanged","params":{"targetInfo":{"targetId":"123DE2D33CA8A7C768C042991E0CD7FC","type":"background_page","title":"Google Network Speech","url":"chrome-extension://neajdppkdcdipfabeoofebfddakdcjhd/_generated_background_page.html","attached":false,"canAccessOpener":false,"browserContextId":"FE5DCC54B853882F24B13846D85A28DF"}},"sessionId":"9A6F46B36443456B6B4A8ECF72D3187A"}
12:46:42.647 [nioEventLoopGroup-5-1] DEBUG c.intuit.karate.driver.DriverOptions - << {"id":4,"result":{},"sessionId":"9A6F46B36443456B6B4A8ECF72D3187A"}
12:46:42.648 [main] DEBUG c.intuit.karate.driver.DriverOptions - >> {"id":5,"sessionId":"9A6F46B36443456B6B4A8ECF72D3187A","method":"Runtime.enable"}
12:46:42.791 [nioEventLoopGroup-5-1] DEBUG c.intuit.karate.driver.DriverOptions - << {"method":"Runtime.executionContextCreated","params":{"context":{"id":1,"origin":"chrome://welcome","name":"","uniqueId":"-8926558636555237854.3185994986125204817","auxData":{"isDefault":true,"type":"default","frameId":"1DB9AA4734473415A8EEFC6CDBD32F55"}}},"sessionId":"9A6F46B36443456B6B4A8ECF72D3187A"}
12:46:42.807 [nioEventLoopGroup-5-1] DEBUG c.intuit.karate.driver.DriverOptions - << {"id":5,"result":{},"sessionId":"9A6F46B36443456B6B4A8ECF72D3187A"}
12:46:42.810 [main] DEBUG c.intuit.karate.driver.DriverOptions - >> {"id":6,"sessionId":"9A6F46B36443456B6B4A8ECF72D3187A","method":"Browser.getWindowForTarget","params":{"targetId":"1DB9AA4734473415A8EEFC6CDBD32F55"}}
12:46:42.878 [nioEventLoopGroup-5-1] DEBUG c.intuit.karate.driver.DriverOptions - << {"id":6,"result":{"windowId":1486649278,"bounds":{"left":9,"top":9,"width":1051,"height":806,"windowState":"normal"}},"sessionId":"9A6F46B36443456B6B4A8ECF72D3187A"}
12:46:42.903 [main] DEBUG c.intuit.karate.driver.DriverOptions - >> {"id":7,"sessionId":"9A6F46B36443456B6B4A8ECF72D3187A","method":"Page.navigate","params":{"url":"https:\/\/www.saucedemo.com\/"}}
12:46:43.042 [nioEventLoopGroup-5-1] DEBUG c.intuit.karate.driver.DriverOptions - << {"method":"Target.targetInfoChanged","params":{"targetInfo":{"targetId":"1DB9AA4734473415A8EEFC6CDBD32F55","type":"page","title":"Welcome to Chrome","url":"https://www.saucedemo.com/","attached":true,"canAccessOpener":false,"browserContextId":"FE5DCC54B853882F24B13846D85A28DF"}},"sessionId":"9A6F46B36443456B6B4A8ECF72D3187A"}
12:46:43.140 [nioEventLoopGroup-5-1] DEBUG c.intuit.karate.driver.DriverOptions - << {"id":7,"result":{"frameId":"1DB9AA4734473415A8EEFC6CDBD32F55","loaderId":"CD811DFB42903F0504F5D92D651EBB4B"},"sessionId":"9A6F46B36443456B6B4A8ECF72D3187A"}
12:46:43.141 [nioEventLoopGroup-5-1] DEBUG c.intuit.karate.driver.DriverOptions - << {"method":"Runtime.executionContextsCleared","params":{},"sessionId":"9A6F46B36443456B6B4A8ECF72D3187A"}
12:46:43.141 [nioEventLoopGroup-5-1] DEBUG c.intuit.karate.driver.DriverOptions - << {"method":"Page.frameStartedLoading","params":{"frameId":"1DB9AA4734473415A8EEFC6CDBD32F55"},"sessionId":"9A6F46B36443456B6B4A8ECF72D3187A"}
12:46:43.157 [nioEventLoopGroup-5-1] DEBUG c.intuit.karate.driver.DriverOptions - << {"method":"Target.targetInfoChanged","params":{"targetInfo":{"targetId":"1DB9AA4734473415A8EEFC6CDBD32F55","type":"page","title":"https://www.saucedemo.com","url":"https://www.saucedemo.com/","attached":true,"canAccessOpener":false,"browserContextId":"FE5DCC54B853882F24B13846D85A28DF"}},"sessionId":"9A6F46B36443456B6B4A8ECF72D3187A"}
12:46:43.158 [nioEventLoopGroup-5-1] DEBUG c.intuit.karate.driver.DriverOptions - << {"method":"Runtime.executionContextsCleared","params":{},"sessionId":"9A6F46B36443456B6B4A8ECF72D3187A"}
12:46:43.159 [nioEventLoopGroup-5-1] DEBUG c.intuit.karate.driver.DriverOptions - << {"method":"Page.frameNavigated","params":{"frame":{"id":"1DB9AA4734473415A8EEFC6CDBD32F55","loaderId":"CD811DFB42903F0504F5D92D651EBB4B","url":"https://www.saucedemo.com/","domainAndRegistry":"saucedemo.com","securityOrigin":"https://www.saucedemo.com","mimeType":"text/html","adFrameStatus":{"adFrameType":"none"},"secureContextType":"Secure","crossOriginIsolatedContextType":"NotIsolated","gatedAPIFeatures":[]},"type":"Navigation"},"sessionId":"9A6F46B36443456B6B4A8ECF72D3187A"}
12:46:43.162 [nioEventLoopGroup-5-1] DEBUG c.intuit.karate.driver.DriverOptions - << {"method":"Runtime.executionContextCreated","params":{"context":{"id":1,"origin":"https://www.saucedemo.com","name":"","uniqueId":"-1922014972323102264.4598490146245172960","auxData":{"isDefault":true,"type":"default","frameId":"1DB9AA4734473415A8EEFC6CDBD32F55"}}},"sessionId":"9A6F46B36443456B6B4A8ECF72D3187A"}
12:46:44.221 [chrome_1670742997565-out] DEBUG c.i.k.driver.chrome_1670742997565 - [38192:23932:1211/124644.221:ERROR:device_event_log_impl.cc(215)] [12:46:44.221] USB: usb_device_handle_win.cc:1045 Failed to read descriptor from node connection: A device attached to the system is not functioning. (0x1F)
12:46:44.351 [chrome_1670742997565-out] DEBUG c.i.k.driver.chrome_1670742997565 - [38192:23932:1211/124644.350:ERROR:device_event_log_impl.cc(215)] [12:46:44.351] USB: usb_device_handle_win.cc:1045 Failed to read descriptor from node connection: A device attached to the system is not functioning. (0x1F)
12:46:44.351 [chrome_1670742997565-out] DEBUG c.i.k.driver.chrome_1670742997565 - [38192:23932:1211/124644.351:ERROR:device_event_log_impl.cc(215)] [12:46:44.351] USB: usb_device_handle_win.cc:1045 Failed to read descriptor from node connection: A device attached to the system is not functioning. (0x1F)
12:46:44.441 [nioEventLoopGroup-5-1] DEBUG c.intuit.karate.driver.DriverOptions - << {"method":"Page.domContentEventFired","params":{"timestamp":681467.339663},"sessionId":"9A6F46B36443456B6B4A8ECF72D3187A"}
12:46:44.441 [nioEventLoopGroup-5-1] DEBUG c.intuit.karate.driver.DriverOptions - << {"method":"Page.loadEventFired","params":{"timestamp":681467.35377},"sessionId":"9A6F46B36443456B6B4A8ECF72D3187A"}
12:46:44.442 [nioEventLoopGroup-5-1] DEBUG c.intuit.karate.driver.DriverOptions - << {"method":"Page.frameStoppedLoading","params":{"frameId":"1DB9AA4734473415A8EEFC6CDBD32F55"},"sessionId":"9A6F46B36443456B6B4A8ECF72D3187A"}
12:46:44.443 [nioEventLoopGroup-5-1] DEBUG c.intuit.karate.driver.DriverOptions - << {"method":"Target.targetCreated","params":{"targetInfo":{"targetId":"21B37CAAE8E63A21570D6B8C8F704090","type":"service_worker","title":"Service Worker https://www.saucedemo.com/service-worker.js","url":"https://www.saucedemo.com/service-worker.js","attached":false,"canAccessOpener":false,"browserContextId":"FE5DCC54B853882F24B13846D85A28DF"}},"sessionId":"9A6F46B36443456B6B4A8ECF72D3187A"}
12:46:44.444 [main] DEBUG c.intuit.karate.driver.DriverOptions - >> {"id":8,"sessionId":"9A6F46B36443456B6B4A8ECF72D3187A","method":"Browser.setWindowBounds","params":{"windowId":1486649278,"bounds":{"windowState":"maximized"}}}
12:46:44.651 [nioEventLoopGroup-5-1] DEBUG c.intuit.karate.driver.DriverOptions - << {"id":8,"result":{},"sessionId":"9A6F46B36443456B6B4A8ECF72D3187A"}
12:46:44.659 [main] ERROR com.intuit.karate - classpath:examples/testSuite/uiTests/basicUITestScenarioOutline.feature:46
And input('#user-name', <username>)
js failed:
>>>>
01: input('#user-name', <username>)
<<<<
org.graalvm.polyglot.PolyglotException: SyntaxError: Unnamed:1:20 Expected an operand but found <
input('#user-name', <username>)
                    ^

- org.graalvm.polyglot.Context.eval(Context.java:425)
- com.intuit.karate.graal.JsEngine.evalForValue(JsEngine.java:139)
- com.intuit.karate.graal.JsEngine.eval(JsEngine.java:135)
- com.intuit.karate.core.ScenarioEngine.evalJs(ScenarioEngine.java:1190)
- com.intuit.karate.ScenarioActions.eval(ScenarioActions.java:388)
- java.base/jdk.internal.reflect.NativeMethodAccessorImpl.invoke0(Native Method)
- java.base/jdk.internal.reflect.NativeMethodAccessorImpl.invoke(NativeMethodAccessorImpl.java:77)

classpath:examples/testSuite/uiTests/basicUITestScenarioOutline.feature:46
12:46:44.659 [main] DEBUG c.intuit.karate.driver.DriverOptions - >> {"id":9,"sessionId":"9A6F46B36443456B6B4A8ECF72D3187A","method":"Page.captureScreenshot"}
12:46:44.730 [nioEventLoopGroup-5-1] DEBUG c.intuit.karate.driver.DriverOptions - << {"method":"Page.frameResized","params":{},"sessionId":"9A6F46B36443456B6B4A8ECF72D3187A"}
12:46:44.731 [nioEventLoopGroup-5-1] DEBUG c.intuit.karate.driver.DriverOptions - << {"method":"Page.frameResized","params":{},"sessionId":"9A6F46B36443456B6B4A8ECF72D3187A"}
12:46:45.429 [nioEventLoopGroup-5-1] DEBUG c.intuit.karate.driver.DriverOptions - << {"id":9,"result":{"data":"iVBORw0KGgoAAAANSUhEUgAAB4AAAAOuCAYAAADmSwqTAAAAAXNSR0IArs4c6QAAIABJREFUeJzs3WlwXPd55/vf2fr0gp0ACYILQIKruFOiRMnaSEneY4/j2Lk1mSROxlM1t+qu82KqpmrezNs7t+4yUzfXcSqpcs114iWRbdnWZtmWKFISKYkgKXABVxA7iH3t7rPeFwcEBREbLUp0mt9PFV6o+9/n/M85zSqRPzzPY8RxHAsAAAAAAAAAAAAA8KkaHx+/68c07/oRAQAAAAAAAAAAAAD3BAEwAAAAAAAAAAAAAJQIAmAAAAAAAAAAAAAAKBEEwAAAAAAAAAAAAABQIgiAAQAAAAAAAAAAAKBEEAADAAAAAAAAAAAAQIkgAAYAAAAAAAAAAACAEkEADAAAAAAAAAAAAAAlggAYAAAAAAAAAAAAAH6PvfDCC8teSwAMAAAAAAAAAAAAAL+nboa/yw2BCYABAAAAAAAAAAAA4PfQR0Pf5YTABMAAAAAAAAAAAAAA8HtmobB3qRCYABgAAAAAAAAAAAAAfo8sFfIu9r4Rx3F8tzcEAAAAAAAAAAAAAFjc+Pj4XT8mFcAAAAAAAAAAAAAAUCIIgAEAAAAAAAAAAACgRBAAAwAAAAAAAAAAAECJIAAGAAAAAAAAAAAAgBJBAAwAAAAAAAAAAAAAJYIAGAAAAAAAAAAAAABKhH2vNwAAAAAAAAAAAAAA97NTp0597GPs3btXEhXAAAAAAAAAAAAAAFAyCIABAAAAAAAAAAAAoEQQAAMAAAAAAAAAAABAiSAABgAAAAAAAAAAAIASQQAMAAAAAAAAAAAAACWCABgAAAAAAAAAAAAASgQBMAAAAAAAAAAAAACUCAJgAAAAAAAAAAAAACgRBMAAAAAAAAAAAAAAUCIIgAEAAAAAAAAAAACgRBAAAwAAAAAAAAAAAECJIAAGAAAAAAAAAAAAgBJBAAwAAAAAAAAAAAAAJYIAGAAAAAAAAA ...
12:46:45.438 [main] DEBUG c.intuit.karate.driver.DriverOptions - >> {"id":10,"sessionId":"9A6F46B36443456B6B4A8ECF72D3187A","method":"Target.closeTarget","params":{"targetId":"1DB9AA4734473415A8EEFC6CDBD32F55"}}
12:46:45.518 [nioEventLoopGroup-5-1] DEBUG c.i.k.http.WebSocketClientHandler - websocket client disconnected
12:46:45.521 [main] DEBUG com.intuit.karate.shell.Command - closing command: chrome_1670742997565
---------------------------------------------------------
feature: classpath:examples/testSuite/uiTests/basicUITestScenarioOutline.feature
scenarios:  5 | passed:  0 | failed:  5 | time: 36.1294
---------------------------------------------------------

Karate version: 1.3.0
======================================================
elapsed:  76.56 | threads:    1 | thread time: 36.13 
features:     1 | skipped:    0 | efficiency: 0.47
scenarios:    5 | passed:     0 | failed: 5
======================================================
>>> failed features:
js failed:
>>>>
01: input('#user-name', '<username'>)
<<<<
org.graalvm.polyglot.PolyglotException: SyntaxError: Unnamed:1:32 Expected an operand but found )
input('#user-name', '<username'>)
                                ^

- org.graalvm.polyglot.Context.eval(Context.java:425)
- com.intuit.karate.graal.JsEngine.evalForValue(JsEngine.java:139)
- com.intuit.karate.graal.JsEngine.eval(JsEngine.java:135)
- com.intuit.karate.core.ScenarioEngine.evalJs(ScenarioEngine.java:1190)
- com.intuit.karate.ScenarioActions.eval(ScenarioActions.java:388)
- java.base/jdk.internal.reflect.NativeMethodAccessorImpl.invoke0(Native Method)
- java.base/jdk.internal.reflect.NativeMethodAccessorImpl.invoke(NativeMethodAccessorImpl.java:77)

classpath:examples/testSuite/uiTests/basicUITestScenarioOutline.feature:10
js failed:
>>>>
01: input('#user-name', '<username'>)
<<<<
org.graalvm.polyglot.PolyglotException: SyntaxError: Unnamed:1:32 Expected an operand but found )
input('#user-name', '<username'>)
                                ^

- org.graalvm.polyglot.Context.eval(Context.java:425)
- com.intuit.karate.graal.JsEngine.evalForValue(JsEngine.java:139)
- com.intuit.karate.graal.JsEngine.eval(JsEngine.java:135)
- com.intuit.karate.core.ScenarioEngine.evalJs(ScenarioEngine.java:1190)
- com.intuit.karate.ScenarioActions.eval(ScenarioActions.java:388)
- java.base/jdk.internal.reflect.NativeMethodAccessorImpl.invoke0(Native Method)
- java.base/jdk.internal.reflect.NativeMethodAccessorImpl.invoke(NativeMethodAccessorImpl.java:77)

classpath:examples/testSuite/uiTests/basicUITestScenarioOutline.feature:10
result is neither list nor function: [type: BYTES, value: [B@3a3ed300]
classpath:examples/testSuite/uiTests/basicUITestScenarioOutline.feature:39
js failed:
>>>>
01: input('#user-name', <username>)
<<<<
org.graalvm.polyglot.PolyglotException: SyntaxError: Unnamed:1:20 Expected an operand but found <
input('#user-name', <username>)
                    ^

- org.graalvm.polyglot.Context.eval(Context.java:425)
- com.intuit.karate.graal.JsEngine.evalForValue(JsEngine.java:139)
- com.intuit.karate.graal.JsEngine.eval(JsEngine.java:135)
- com.intuit.karate.core.ScenarioEngine.evalJs(ScenarioEngine.java:1190)
- com.intuit.karate.ScenarioActions.eval(ScenarioActions.java:388)
- java.base/jdk.internal.reflect.NativeMethodAccessorImpl.invoke0(Native Method)
- java.base/jdk.internal.reflect.NativeMethodAccessorImpl.invoke(NativeMethodAccessorImpl.java:77)

classpath:examples/testSuite/uiTests/basicUITestScenarioOutline.feature:46
js failed:
>>>>
01: input('#user-name', <username>)
<<<<
org.graalvm.polyglot.PolyglotException: SyntaxError: Unnamed:1:20 Expected an operand but found <
input('#user-name', <username>)
                    ^

- org.graalvm.polyglot.Context.eval(Context.java:425)
- com.intuit.karate.graal.JsEngine.evalForValue(JsEngine.java:139)
- com.intuit.karate.graal.JsEngine.eval(JsEngine.java:135)
- com.intuit.karate.core.ScenarioEngine.evalJs(ScenarioEngine.java:1190)
- com.intuit.karate.ScenarioActions.eval(ScenarioActions.java:388)
- java.base/jdk.internal.reflect.NativeMethodAccessorImpl.invoke0(Native Method)
- java.base/jdk.internal.reflect.NativeMethodAccessorImpl.invoke(NativeMethodAccessorImpl.java:77)

classpath:examples/testSuite/uiTests/basicUITestScenarioOutline.feature:46
<<<

HTML report: (paste into browser to view) | Karate version: 1.3.0
file:///D:/ATAGRT2022/Repo/gtr22-karate-demo/demo/target/karate-reports/karate-summary.html
===================================================================

]]></system-out>
  </testcase>
</testsuite>